java.lang.NoClassDefFoundError: cn/hutool/system/SystemUtil
	at cn.how2j.mytomcat.util.Constant.<clinit>(Constant.java:62)
	at cn.how2j.mytomcat.util.ServerXMLUtil.getServiceName(ServerXMLUtil.java:64)
	at cn.how2j.mytomcat.catalina.Service.<init>(Service.java:20)
	at cn.how2j.mytomcat.catalina.Server.<init>(Server.java:17)
	at sun.reflect.NativeConstructorAccessorImpl.newInstance0(Native Method)
	at sun.reflect.NativeConstructorAccessorImpl.newInstance(NativeConstructorAccessorImpl.java:62)
	at sun.reflect.DelegatingConstructorAccessorImpl.newInstance(DelegatingConstructorAccessorImpl.java:45)
	at java.lang.reflect.Constructor.newInstance(Constructor.java:422)
	at java.lang.Class.newInstance(Class.java:442)
	at cn.how2j.mytomcat.Bootstrap.main(Bootstrap.java:24)
	at sun.reflect.NativeMethodAccessorImpl.invoke0(Native Method)
	at sun.reflect.NativeMethodAccessorImpl.invoke(NativeMethodAccessorImpl.java:62)
	at sun.reflect.DelegatingMethodAccessorImpl.invoke(DelegatingMethodAccessorImpl.java:43)
	at java.lang.reflect.Method.invoke(Method.java:497)
	at com.exe4j.runtime.LauncherEngine.launch(LauncherEngine.java:84)
	at com.exe4j.runtime.WinLauncher.main(WinLauncher.java:94)
Caused by: java.lang.ClassNotFoundException: cn.hutool.system.SystemUtil
	at java.net.URLClassLoader.findClass(URLClassLoader.java:381)
	at java.lang.ClassLoader.loadClass(ClassLoader.java:424)
	at sun.misc.Launcher$AppClassLoader.loadClass(Launcher.java:331)
	at java.lang.ClassLoader.loadClass(ClassLoader.java:357)
	... 16 more
Uncaught error fetching image:
java.lang.NullPointerException
	at sun.awt.image.URLImageSource.getConnection(URLImageSource.java:116)
	at sun.awt.image.URLImageSource.getDecoder(URLImageSource.java:126)
	at sun.awt.image.InputStreamImageSource.doFetch(InputStreamImageSource.java:263)
	at sun.awt.image.ImageFetcher.fetchloop(ImageFetcher.java:205)
	at sun.awt.image.ImageFetcher.run(ImageFetcher.java:169)
