08 02, 2020 10:06:30 上午 cn.how2j.mytomcat.catalina.Server logJVM
INFO : Server version:		How2J myTomcat/1.0.1
08 02, 2020 10:06:30 上午 cn.how2j.mytomcat.catalina.Server logJVM
INFO : Server built:		2020-04-08 10:20:22
08 02, 2020 10:06:30 上午 cn.how2j.mytomcat.catalina.Server logJVM
INFO : Server number:		1.0.1
08 02, 2020 10:06:30 上午 cn.how2j.mytomcat.catalina.Server logJVM
INFO : OS Name	:		Windows 8.1
08 02, 2020 10:06:30 上午 cn.how2j.mytomcat.catalina.Server logJVM
INFO : OS Version:		6.3
08 02, 2020 10:06:30 上午 cn.how2j.mytomcat.catalina.Server logJVM
INFO : Architecture:		amd64
08 02, 2020 10:06:30 上午 cn.how2j.mytomcat.catalina.Server logJVM
INFO : Java Home:		C:\Program Files\Java\jdk1.8.0_45\jre
08 02, 2020 10:06:30 上午 cn.how2j.mytomcat.catalina.Server logJVM
INFO : JVM Version:		1.8.0_45-b14
08 02, 2020 10:06:30 上午 cn.how2j.mytomcat.catalina.Server logJVM
INFO : JVM Vendor:		Oracle Corporation
08 02, 2020 10:06:55 上午 cn.how2j.mytomcat.catalina.Context <init>
INFO : Deploying web application directory D:\project\mytomcat\webapps\a
08 02, 2020 10:06:55 上午 cn.how2j.mytomcat.catalina.Context <init>
INFO : Deployment of web application directory D:\project\mytomcat\webapps\a has finished in 0 ms
08 02, 2020 10:06:55 上午 cn.how2j.mytomcat.catalina.Context <init>
INFO : Deploying web application directory D:\project\mytomcat\webapps\ROOT
08 02, 2020 10:06:55 上午 cn.how2j.mytomcat.catalina.Context <init>
INFO : Deployment of web application directory D:\project\mytomcat\webapps\ROOT has finished in 0 ms
08 02, 2020 10:06:55 上午 cn.how2j.mytomcat.catalina.Context <init>
INFO : Deploying web application directory d:/project/mytomcat/b
08 02, 2020 10:06:55 上午 cn.how2j.mytomcat.catalina.Context <init>
INFO : Deployment of web application directory d:/project/mytomcat/b has finished in 1 ms
08 02, 2020 10:07:54 上午 cn.how2j.mytomcat.catalina.Context <init>
INFO : Deploying web application directory D:\project\mytomcat\webapps\a
08 02, 2020 10:07:54 上午 cn.how2j.mytomcat.catalina.Context <init>
INFO : Deployment of web application directory D:\project\mytomcat\webapps\a has finished in 2 ms
08 02, 2020 10:07:54 上午 cn.how2j.mytomcat.catalina.Context <init>
INFO : Deploying web application directory D:\project\mytomcat\webapps\ROOT
08 02, 2020 10:07:54 上午 cn.how2j.mytomcat.catalina.Context <init>
INFO : Deployment of web application directory D:\project\mytomcat\webapps\ROOT has finished in 0 ms
08 02, 2020 10:07:54 上午 cn.how2j.mytomcat.catalina.Context <init>
INFO : Deploying web application directory d:/project/mytomcat/b
08 02, 2020 10:07:54 上午 cn.how2j.mytomcat.catalina.Context <init>
INFO : Deployment of web application directory d:/project/mytomcat/b has finished in 0 ms
08 02, 2020 10:07:54 上午 cn.how2j.mytomcat.catalina.Context <init>
INFO : Deploying web application directory D:\project\mytomcat\webapps\a
08 02, 2020 10:07:54 上午 cn.how2j.mytomcat.catalina.Context <init>
INFO : Deployment of web application directory D:\project\mytomcat\webapps\a has finished in 0 ms
08 02, 2020 10:07:54 上午 cn.how2j.mytomcat.catalina.Context <init>
INFO : Deploying web application directory D:\project\mytomcat\webapps\ROOT
08 02, 2020 10:07:54 上午 cn.how2j.mytomcat.catalina.Context <init>
INFO : Deployment of web application directory D:\project\mytomcat\webapps\ROOT has finished in 0 ms
08 02, 2020 10:07:54 上午 cn.how2j.mytomcat.catalina.Context <init>
INFO : Deploying web application directory d:/project/mytomcat/b
08 02, 2020 10:07:54 上午 cn.how2j.mytomcat.catalina.Context <init>
INFO : Deployment of web application directory d:/project/mytomcat/b has finished in 0 ms
08 02, 2020 10:07:54 上午 cn.how2j.mytomcat.catalina.Context <init>
INFO : Deploying web application directory D:\project\mytomcat\webapps\a
08 02, 2020 10:07:54 上午 cn.how2j.mytomcat.catalina.Context <init>
INFO : Deployment of web application directory D:\project\mytomcat\webapps\a has finished in 1 ms
08 02, 2020 10:07:54 上午 cn.how2j.mytomcat.catalina.Context <init>
INFO : Deploying web application directory D:\project\mytomcat\webapps\ROOT
08 02, 2020 10:07:54 上午 cn.how2j.mytomcat.catalina.Context <init>
INFO : Deployment of web application directory D:\project\mytomcat\webapps\ROOT has finished in 0 ms
08 02, 2020 10:07:54 上午 cn.how2j.mytomcat.catalina.Context <init>
INFO : Deploying web application directory d:/project/mytomcat/b
08 02, 2020 10:07:54 上午 cn.how2j.mytomcat.catalina.Context <init>
INFO : Deployment of web application directory d:/project/mytomcat/b has finished in 0 ms
08 02, 2020 10:07:54 上午 cn.how2j.mytomcat.catalina.Context <init>
INFO : Deploying web application directory D:\project\mytomcat\webapps\a
08 02, 2020 10:07:54 上午 cn.how2j.mytomcat.catalina.Context <init>
INFO : Deployment of web application directory D:\project\mytomcat\webapps\a has finished in 0 ms
08 02, 2020 10:07:54 上午 cn.how2j.mytomcat.catalina.Context <init>
INFO : Deploying web application directory D:\project\mytomcat\webapps\ROOT
08 02, 2020 10:07:54 上午 cn.how2j.mytomcat.catalina.Context <init>
INFO : Deployment of web application directory D:\project\mytomcat\webapps\ROOT has finished in 0 ms
08 02, 2020 10:07:54 上午 cn.how2j.mytomcat.catalina.Context <init>
INFO : Deploying web application directory d:/project/mytomcat/b
08 02, 2020 10:07:54 上午 cn.how2j.mytomcat.catalina.Context <init>
INFO : Deployment of web application directory d:/project/mytomcat/b has finished in 0 ms
08 02, 2020 10:43:28 上午 cn.how2j.mytomcat.catalina.Server logJVM
INFO : Server version:		How2J myTomcat/1.0.1
08 02, 2020 10:43:28 上午 cn.how2j.mytomcat.catalina.Server logJVM
INFO : Server built:		2020-04-08 10:20:22
08 02, 2020 10:43:28 上午 cn.how2j.mytomcat.catalina.Server logJVM
INFO : Server number:		1.0.1
08 02, 2020 10:43:28 上午 cn.how2j.mytomcat.catalina.Server logJVM
INFO : OS Name	:		Windows 8.1
08 02, 2020 10:43:28 上午 cn.how2j.mytomcat.catalina.Server logJVM
INFO : OS Version:		6.3
08 02, 2020 10:43:28 上午 cn.how2j.mytomcat.catalina.Server logJVM
INFO : Architecture:		amd64
08 02, 2020 10:43:28 上午 cn.how2j.mytomcat.catalina.Server logJVM
INFO : Java Home:		C:\Program Files\Java\jdk1.8.0_45\jre
08 02, 2020 10:43:28 上午 cn.how2j.mytomcat.catalina.Server logJVM
INFO : JVM Version:		1.8.0_45-b14
08 02, 2020 10:43:28 上午 cn.how2j.mytomcat.catalina.Server logJVM
INFO : JVM Vendor:		Oracle Corporation
08 02, 2020 10:43:28 上午 cn.how2j.mytomcat.catalina.Connector init
INFO : Initializing ProtocolHandler [http-bio-1219]
08 02, 2020 10:43:28 上午 cn.how2j.mytomcat.catalina.Connector init
INFO : Initializing ProtocolHandler [http-bio-1220]
08 02, 2020 10:43:28 上午 cn.how2j.mytomcat.catalina.Connector init
INFO : Initializing ProtocolHandler [http-bio-1221]
08 02, 2020 10:43:28 上午 cn.how2j.mytomcat.catalina.Service init
INFO : Initialization processed in 0 ms
08 02, 2020 10:43:28 上午 cn.how2j.mytomcat.catalina.Connector start
INFO : Starting ProtocolHandler [http-bio-1219]
08 02, 2020 10:43:28 上午 cn.how2j.mytomcat.catalina.Connector start
INFO : Starting ProtocolHandler [http-bio-1220]
08 02, 2020 10:43:28 上午 cn.how2j.mytomcat.catalina.Connector start
INFO : Starting ProtocolHandler [http-bio-1221]
08 02, 2020 10:43:28 上午 cn.how2j.mytomcat.catalina.Server start
INFO : Server startup in 68 ms
08 02, 2020 10:43:54 上午 cn.how2j.mytomcat.catalina.Context <init>
INFO : Deploying web application directory D:\project\mytomcat\webapps\a
08 02, 2020 10:43:54 上午 cn.how2j.mytomcat.catalina.Context <init>
INFO : Deployment of web application directory D:\project\mytomcat\webapps\a has finished in 0 ms
08 02, 2020 10:43:54 上午 cn.how2j.mytomcat.catalina.Context <init>
INFO : Deploying web application directory D:\project\mytomcat\webapps\ROOT
08 02, 2020 10:43:54 上午 cn.how2j.mytomcat.catalina.Context <init>
INFO : Deployment of web application directory D:\project\mytomcat\webapps\ROOT has finished in 0 ms
08 02, 2020 10:43:54 上午 cn.how2j.mytomcat.catalina.Context <init>
INFO : Deploying web application directory d:/project/mytomcat/b
08 02, 2020 10:43:54 上午 cn.how2j.mytomcat.catalina.Context <init>
INFO : Deployment of web application directory d:/project/mytomcat/b has finished in 0 ms
08 02, 2020 10:43:54 上午 cn.how2j.mytomcat.catalina.Context <init>
INFO : Deploying web application directory D:\project\mytomcat\webapps\a
08 02, 2020 10:43:54 上午 cn.how2j.mytomcat.catalina.Context <init>
INFO : Deployment of web application directory D:\project\mytomcat\webapps\a has finished in 0 ms
08 02, 2020 10:43:54 上午 cn.how2j.mytomcat.catalina.Context <init>
INFO : Deploying web application directory D:\project\mytomcat\webapps\ROOT
08 02, 2020 10:43:54 上午 cn.how2j.mytomcat.catalina.Context <init>
INFO : Deployment of web application directory D:\project\mytomcat\webapps\ROOT has finished in 0 ms
08 02, 2020 10:43:54 上午 cn.how2j.mytomcat.catalina.Context <init>
INFO : Deploying web application directory d:/project/mytomcat/b
08 02, 2020 10:43:54 上午 cn.how2j.mytomcat.catalina.Context <init>
INFO : Deployment of web application directory d:/project/mytomcat/b has finished in 0 ms
08 02, 2020 10:43:54 上午 cn.how2j.mytomcat.catalina.Context <init>
INFO : Deploying web application directory D:\project\mytomcat\webapps\a
08 02, 2020 10:43:54 上午 cn.how2j.mytomcat.catalina.Context <init>
INFO : Deployment of web application directory D:\project\mytomcat\webapps\a has finished in 1 ms
08 02, 2020 10:43:54 上午 cn.how2j.mytomcat.catalina.Context <init>
INFO : Deploying web application directory D:\project\mytomcat\webapps\ROOT
08 02, 2020 10:43:54 上午 cn.how2j.mytomcat.catalina.Context <init>
INFO : Deployment of web application directory D:\project\mytomcat\webapps\ROOT has finished in 0 ms
08 02, 2020 10:43:54 上午 cn.how2j.mytomcat.catalina.Context <init>
INFO : Deploying web application directory d:/project/mytomcat/b
08 02, 2020 10:43:54 上午 cn.how2j.mytomcat.catalina.Context <init>
INFO : Deployment of web application directory d:/project/mytomcat/b has finished in 0 ms
08 02, 2020 10:43:54 上午 cn.how2j.mytomcat.catalina.Context <init>
INFO : Deploying web application directory D:\project\mytomcat\webapps\a
08 02, 2020 10:43:54 上午 cn.how2j.mytomcat.catalina.Context <init>
INFO : Deployment of web application directory D:\project\mytomcat\webapps\a has finished in 1 ms
08 02, 2020 10:43:54 上午 cn.how2j.mytomcat.catalina.Context <init>
INFO : Deploying web application directory D:\project\mytomcat\webapps\ROOT
08 02, 2020 10:43:54 上午 cn.how2j.mytomcat.catalina.Context <init>
INFO : Deployment of web application directory D:\project\mytomcat\webapps\ROOT has finished in 0 ms
08 02, 2020 10:43:54 上午 cn.how2j.mytomcat.catalina.Context <init>
INFO : Deploying web application directory d:/project/mytomcat/b
08 02, 2020 10:43:54 上午 cn.how2j.mytomcat.catalina.Context <init>
INFO : Deployment of web application directory d:/project/mytomcat/b has finished in 0 ms
08 02, 2020 10:54:56 上午 cn.how2j.mytomcat.catalina.Server logJVM
INFO : Server version:		How2J myTomcat/1.0.1
08 02, 2020 10:54:56 上午 cn.how2j.mytomcat.catalina.Server logJVM
INFO : Server built:		2020-04-08 10:20:22
08 02, 2020 10:54:56 上午 cn.how2j.mytomcat.catalina.Server logJVM
INFO : Server number:		1.0.1
08 02, 2020 10:54:56 上午 cn.how2j.mytomcat.catalina.Server logJVM
INFO : OS Name	:		Windows 8.1
08 02, 2020 10:54:56 上午 cn.how2j.mytomcat.catalina.Server logJVM
INFO : OS Version:		6.3
08 02, 2020 10:54:56 上午 cn.how2j.mytomcat.catalina.Server logJVM
INFO : Architecture:		amd64
08 02, 2020 10:54:56 上午 cn.how2j.mytomcat.catalina.Server logJVM
INFO : Java Home:		C:\Program Files\Java\jdk1.8.0_45\jre
08 02, 2020 10:54:56 上午 cn.how2j.mytomcat.catalina.Server logJVM
INFO : JVM Version:		1.8.0_45-b14
08 02, 2020 10:54:56 上午 cn.how2j.mytomcat.catalina.Server logJVM
INFO : JVM Vendor:		Oracle Corporation
08 02, 2020 10:54:56 上午 cn.how2j.mytomcat.catalina.Connector init
INFO : Initializing ProtocolHandler [http-bio-1219]
08 02, 2020 10:54:56 上午 cn.how2j.mytomcat.catalina.Connector init
INFO : Initializing ProtocolHandler [http-bio-1220]
08 02, 2020 10:54:56 上午 cn.how2j.mytomcat.catalina.Connector init
INFO : Initializing ProtocolHandler [http-bio-1221]
08 02, 2020 10:54:56 上午 cn.how2j.mytomcat.catalina.Service init
INFO : Initialization processed in 0 ms
08 02, 2020 10:54:56 上午 cn.how2j.mytomcat.catalina.Connector start
INFO : Starting ProtocolHandler [http-bio-1219]
08 02, 2020 10:54:56 上午 cn.how2j.mytomcat.catalina.Connector start
INFO : Starting ProtocolHandler [http-bio-1220]
08 02, 2020 10:54:56 上午 cn.how2j.mytomcat.catalina.Connector start
INFO : Starting ProtocolHandler [http-bio-1221]
08 02, 2020 10:54:56 上午 cn.how2j.mytomcat.catalina.Server start
INFO : Server startup in 64 ms
08 02, 2020 10:55:00 上午 cn.how2j.mytomcat.catalina.Context <init>
INFO : Deploying web application directory D:\project\mytomcat\webapps\a
08 02, 2020 10:55:00 上午 cn.how2j.mytomcat.catalina.Context <init>
INFO : Deployment of web application directory D:\project\mytomcat\webapps\a has finished in 0 ms
08 02, 2020 10:55:00 上午 cn.how2j.mytomcat.catalina.Context <init>
INFO : Deploying web application directory D:\project\mytomcat\webapps\ROOT
08 02, 2020 10:55:00 上午 cn.how2j.mytomcat.catalina.Context <init>
INFO : Deployment of web application directory D:\project\mytomcat\webapps\ROOT has finished in 0 ms
08 02, 2020 10:55:00 上午 cn.how2j.mytomcat.catalina.Context <init>
INFO : Deploying web application directory d:/project/mytomcat/b
08 02, 2020 10:55:00 上午 cn.how2j.mytomcat.catalina.Context <init>
INFO : Deployment of web application directory d:/project/mytomcat/b has finished in 0 ms
08 02, 2020 10:55:00 上午 cn.how2j.mytomcat.catalina.Context <init>
INFO : Deploying web application directory D:\project\mytomcat\webapps\a
08 02, 2020 10:55:00 上午 cn.how2j.mytomcat.catalina.Context <init>
INFO : Deployment of web application directory D:\project\mytomcat\webapps\a has finished in 0 ms
08 02, 2020 10:55:00 上午 cn.how2j.mytomcat.catalina.Context <init>
INFO : Deploying web application directory D:\project\mytomcat\webapps\ROOT
08 02, 2020 10:55:00 上午 cn.how2j.mytomcat.catalina.Context <init>
INFO : Deployment of web application directory D:\project\mytomcat\webapps\ROOT has finished in 0 ms
08 02, 2020 10:55:00 上午 cn.how2j.mytomcat.catalina.Context <init>
INFO : Deploying web application directory d:/project/mytomcat/b
08 02, 2020 10:55:00 上午 cn.how2j.mytomcat.catalina.Context <init>
INFO : Deployment of web application directory d:/project/mytomcat/b has finished in 0 ms
