07 31, 2020 09:42:12 上午 cn.how2j.mytomcat.Bootstrap logJVM
INFO : Server version:		How2J myTomcat/1.0.1
07 31, 2020 09:42:12 上午 cn.how2j.mytomcat.Bootstrap logJVM
INFO : Server built:		2020-04-08 10:20:22
07 31, 2020 09:42:12 上午 cn.how2j.mytomcat.Bootstrap logJVM
INFO : Server number:		1.0.1
07 31, 2020 09:42:12 上午 cn.how2j.mytomcat.Bootstrap logJVM
INFO : OS Name	:		Windows 8.1
07 31, 2020 09:42:12 上午 cn.how2j.mytomcat.Bootstrap logJVM
INFO : OS Version:		6.3
07 31, 2020 09:42:12 上午 cn.how2j.mytomcat.Bootstrap logJVM
INFO : Architecture:		amd64
07 31, 2020 09:42:12 上午 cn.how2j.mytomcat.Bootstrap logJVM
INFO : Java Home:		C:\Program Files\Java\jdk1.8.0_45\jre
07 31, 2020 09:42:12 上午 cn.how2j.mytomcat.Bootstrap logJVM
INFO : JVM Version:		1.8.0_45-b14
07 31, 2020 09:42:12 上午 cn.how2j.mytomcat.Bootstrap logJVM
INFO : JVM Vendor:		Oracle Corporation
07 31, 2020 09:42:12 上午 cn.how2j.mytomcat.catalina.Context <init>
INFO : Deploying web application directory D:\project\mytomcat\webapps\a
07 31, 2020 09:42:12 上午 cn.how2j.mytomcat.catalina.Context <init>
INFO : Deployment of web application directory D:\project\mytomcat\webapps\a has finished in 0 ms
07 31, 2020 09:42:12 上午 cn.how2j.mytomcat.catalina.Context <init>
INFO : Deploying web application directory D:\project\mytomcat\webapps\ROOT
07 31, 2020 09:42:12 上午 cn.how2j.mytomcat.catalina.Context <init>
INFO : Deployment of web application directory D:\project\mytomcat\webapps\ROOT has finished in 0 ms
07 31, 2020 09:42:12 上午 cn.how2j.mytomcat.catalina.Context <init>
INFO : Deploying web application directory d:/project/mytomcat/b
07 31, 2020 09:42:12 上午 cn.how2j.mytomcat.catalina.Context <init>
INFO : Deployment of web application directory d:/project/mytomcat/b has finished in 10 ms
07 31, 2020 11:13:54 上午 cn.how2j.mytomcat.Bootstrap logJVM
INFO : Server version:		How2J myTomcat/1.0.1
07 31, 2020 11:13:54 上午 cn.how2j.mytomcat.Bootstrap logJVM
INFO : Server built:		2020-04-08 10:20:22
07 31, 2020 11:13:54 上午 cn.how2j.mytomcat.Bootstrap logJVM
INFO : Server number:		1.0.1
07 31, 2020 11:13:54 上午 cn.how2j.mytomcat.Bootstrap logJVM
INFO : OS Name	:		Windows 8.1
07 31, 2020 11:13:54 上午 cn.how2j.mytomcat.Bootstrap logJVM
INFO : OS Version:		6.3
07 31, 2020 11:13:54 上午 cn.how2j.mytomcat.Bootstrap logJVM
INFO : Architecture:		amd64
07 31, 2020 11:13:54 上午 cn.how2j.mytomcat.Bootstrap logJVM
INFO : Java Home:		C:\Program Files\Java\jdk1.8.0_45\jre
07 31, 2020 11:13:54 上午 cn.how2j.mytomcat.Bootstrap logJVM
INFO : JVM Version:		1.8.0_45-b14
07 31, 2020 11:13:54 上午 cn.how2j.mytomcat.Bootstrap logJVM
INFO : JVM Vendor:		Oracle Corporation
07 31, 2020 11:14:04 上午 cn.how2j.mytomcat.catalina.Context <init>
INFO : Deploying web application directory D:\project\mytomcat\webapps\a
07 31, 2020 11:14:04 上午 cn.how2j.mytomcat.catalina.Context <init>
INFO : Deployment of web application directory D:\project\mytomcat\webapps\a has finished in 1 ms
07 31, 2020 11:14:04 上午 cn.how2j.mytomcat.catalina.Context <init>
INFO : Deploying web application directory D:\project\mytomcat\webapps\ROOT
07 31, 2020 11:14:04 上午 cn.how2j.mytomcat.catalina.Context <init>
INFO : Deployment of web application directory D:\project\mytomcat\webapps\ROOT has finished in 1 ms
07 31, 2020 11:14:04 上午 cn.how2j.mytomcat.catalina.Context <init>
INFO : Deploying web application directory d:/project/diytomcat/b
07 31, 2020 11:14:04 上午 cn.how2j.mytomcat.catalina.Context <init>
INFO : Deployment of web application directory d:/project/diytomcat/b has finished in 0 ms
07 31, 2020 11:14:09 上午 cn.how2j.mytomcat.catalina.Context <init>
INFO : Deploying web application directory D:\project\mytomcat\webapps\a
07 31, 2020 11:14:09 上午 cn.how2j.mytomcat.catalina.Context <init>
INFO : Deployment of web application directory D:\project\mytomcat\webapps\a has finished in 1 ms
07 31, 2020 11:14:09 上午 cn.how2j.mytomcat.catalina.Context <init>
INFO : Deploying web application directory D:\project\mytomcat\webapps\ROOT
07 31, 2020 11:14:09 上午 cn.how2j.mytomcat.catalina.Context <init>
INFO : Deployment of web application directory D:\project\mytomcat\webapps\ROOT has finished in 0 ms
07 31, 2020 11:14:09 上午 cn.how2j.mytomcat.catalina.Context <init>
INFO : Deploying web application directory d:/project/diytomcat/b
07 31, 2020 11:14:09 上午 cn.how2j.mytomcat.catalina.Context <init>
INFO : Deployment of web application directory d:/project/diytomcat/b has finished in 0 ms
07 31, 2020 11:14:40 上午 cn.how2j.mytomcat.catalina.Context <init>
INFO : Deploying web application directory D:\project\mytomcat\webapps\a
07 31, 2020 11:14:40 上午 cn.how2j.mytomcat.catalina.Context <init>
INFO : Deployment of web application directory D:\project\mytomcat\webapps\a has finished in 1 ms
07 31, 2020 11:14:40 上午 cn.how2j.mytomcat.catalina.Context <init>
INFO : Deploying web application directory D:\project\mytomcat\webapps\ROOT
07 31, 2020 11:14:40 上午 cn.how2j.mytomcat.catalina.Context <init>
INFO : Deployment of web application directory D:\project\mytomcat\webapps\ROOT has finished in 0 ms
07 31, 2020 11:14:40 上午 cn.how2j.mytomcat.catalina.Context <init>
INFO : Deploying web application directory d:/project/diytomcat/b
07 31, 2020 11:14:40 上午 cn.how2j.mytomcat.catalina.Context <init>
INFO : Deployment of web application directory d:/project/diytomcat/b has finished in 1 ms
07 31, 2020 11:14:43 上午 cn.how2j.mytomcat.catalina.Context <init>
INFO : Deploying web application directory D:\project\mytomcat\webapps\a
07 31, 2020 11:14:43 上午 cn.how2j.mytomcat.catalina.Context <init>
INFO : Deployment of web application directory D:\project\mytomcat\webapps\a has finished in 1 ms
07 31, 2020 11:14:43 上午 cn.how2j.mytomcat.catalina.Context <init>
INFO : Deploying web application directory D:\project\mytomcat\webapps\ROOT
07 31, 2020 11:14:43 上午 cn.how2j.mytomcat.catalina.Context <init>
INFO : Deployment of web application directory D:\project\mytomcat\webapps\ROOT has finished in 0 ms
07 31, 2020 11:14:43 上午 cn.how2j.mytomcat.catalina.Context <init>
INFO : Deploying web application directory d:/project/diytomcat/b
07 31, 2020 11:14:43 上午 cn.how2j.mytomcat.catalina.Context <init>
INFO : Deployment of web application directory d:/project/diytomcat/b has finished in 0 ms
07 31, 2020 11:15:11 上午 cn.how2j.mytomcat.Bootstrap logJVM
INFO : Server version:		How2J myTomcat/1.0.1
07 31, 2020 11:15:11 上午 cn.how2j.mytomcat.Bootstrap logJVM
INFO : Server built:		2020-04-08 10:20:22
07 31, 2020 11:15:11 上午 cn.how2j.mytomcat.Bootstrap logJVM
INFO : Server number:		1.0.1
07 31, 2020 11:15:11 上午 cn.how2j.mytomcat.Bootstrap logJVM
INFO : OS Name	:		Windows 8.1
07 31, 2020 11:15:11 上午 cn.how2j.mytomcat.Bootstrap logJVM
INFO : OS Version:		6.3
07 31, 2020 11:15:11 上午 cn.how2j.mytomcat.Bootstrap logJVM
INFO : Architecture:		amd64
07 31, 2020 11:15:11 上午 cn.how2j.mytomcat.Bootstrap logJVM
INFO : Java Home:		C:\Program Files\Java\jdk1.8.0_45\jre
07 31, 2020 11:15:11 上午 cn.how2j.mytomcat.Bootstrap logJVM
INFO : JVM Version:		1.8.0_45-b14
07 31, 2020 11:15:11 上午 cn.how2j.mytomcat.Bootstrap logJVM
INFO : JVM Vendor:		Oracle Corporation
07 31, 2020 11:15:36 上午 cn.how2j.mytomcat.catalina.Context <init>
INFO : Deploying web application directory D:\project\mytomcat\webapps\a
07 31, 2020 11:15:36 上午 cn.how2j.mytomcat.catalina.Context <init>
INFO : Deployment of web application directory D:\project\mytomcat\webapps\a has finished in 0 ms
07 31, 2020 11:15:36 上午 cn.how2j.mytomcat.catalina.Context <init>
INFO : Deploying web application directory D:\project\mytomcat\webapps\ROOT
07 31, 2020 11:15:36 上午 cn.how2j.mytomcat.catalina.Context <init>
INFO : Deployment of web application directory D:\project\mytomcat\webapps\ROOT has finished in 1 ms
07 31, 2020 11:15:36 上午 cn.how2j.mytomcat.catalina.Context <init>
INFO : Deploying web application directory d:/project/diytomcat/b
07 31, 2020 11:15:36 上午 cn.how2j.mytomcat.catalina.Context <init>
INFO : Deployment of web application directory d:/project/diytomcat/b has finished in 0 ms
07 31, 2020 11:18:35 上午 cn.how2j.mytomcat.Bootstrap logJVM
INFO : Server version:		How2J myTomcat/1.0.1
07 31, 2020 11:18:35 上午 cn.how2j.mytomcat.Bootstrap logJVM
INFO : Server built:		2020-04-08 10:20:22
07 31, 2020 11:18:35 上午 cn.how2j.mytomcat.Bootstrap logJVM
INFO : Server number:		1.0.1
07 31, 2020 11:18:35 上午 cn.how2j.mytomcat.Bootstrap logJVM
INFO : OS Name	:		Windows 8.1
07 31, 2020 11:18:35 上午 cn.how2j.mytomcat.Bootstrap logJVM
INFO : OS Version:		6.3
07 31, 2020 11:18:35 上午 cn.how2j.mytomcat.Bootstrap logJVM
INFO : Architecture:		amd64
07 31, 2020 11:18:35 上午 cn.how2j.mytomcat.Bootstrap logJVM
INFO : Java Home:		C:\Program Files\Java\jdk1.8.0_45\jre
07 31, 2020 11:18:35 上午 cn.how2j.mytomcat.Bootstrap logJVM
INFO : JVM Version:		1.8.0_45-b14
07 31, 2020 11:18:35 上午 cn.how2j.mytomcat.Bootstrap logJVM
INFO : JVM Vendor:		Oracle Corporation
07 31, 2020 11:18:39 上午 cn.how2j.mytomcat.catalina.Context <init>
INFO : Deploying web application directory D:\project\mytomcat\webapps\a
07 31, 2020 11:18:39 上午 cn.how2j.mytomcat.catalina.Context <init>
INFO : Deployment of web application directory D:\project\mytomcat\webapps\a has finished in 1 ms
07 31, 2020 11:18:39 上午 cn.how2j.mytomcat.catalina.Context <init>
INFO : Deploying web application directory D:\project\mytomcat\webapps\ROOT
07 31, 2020 11:18:39 上午 cn.how2j.mytomcat.catalina.Context <init>
INFO : Deployment of web application directory D:\project\mytomcat\webapps\ROOT has finished in 0 ms
07 31, 2020 11:18:39 上午 cn.how2j.mytomcat.catalina.Context <init>
INFO : Deploying web application directory d:/project/mytomcat/b
07 31, 2020 11:18:39 上午 cn.how2j.mytomcat.catalina.Context <init>
INFO : Deployment of web application directory d:/project/mytomcat/b has finished in 0 ms
07 31, 2020 11:20:07 上午 cn.how2j.mytomcat.Bootstrap logJVM
INFO : Server version:		How2J myTomcat/1.0.1
07 31, 2020 11:20:07 上午 cn.how2j.mytomcat.Bootstrap logJVM
INFO : Server built:		2020-04-08 10:20:22
07 31, 2020 11:20:07 上午 cn.how2j.mytomcat.Bootstrap logJVM
INFO : Server number:		1.0.1
07 31, 2020 11:20:07 上午 cn.how2j.mytomcat.Bootstrap logJVM
INFO : OS Name	:		Windows 8.1
07 31, 2020 11:20:07 上午 cn.how2j.mytomcat.Bootstrap logJVM
INFO : OS Version:		6.3
07 31, 2020 11:20:07 上午 cn.how2j.mytomcat.Bootstrap logJVM
INFO : Architecture:		amd64
07 31, 2020 11:20:07 上午 cn.how2j.mytomcat.Bootstrap logJVM
INFO : Java Home:		C:\Program Files\Java\jdk1.8.0_45\jre
07 31, 2020 11:20:07 上午 cn.how2j.mytomcat.Bootstrap logJVM
INFO : JVM Version:		1.8.0_45-b14
07 31, 2020 11:20:07 上午 cn.how2j.mytomcat.Bootstrap logJVM
INFO : JVM Vendor:		Oracle Corporation
07 31, 2020 11:20:11 上午 cn.how2j.mytomcat.catalina.Context <init>
INFO : Deploying web application directory D:\project\mytomcat\webapps\a
07 31, 2020 11:20:11 上午 cn.how2j.mytomcat.catalina.Context <init>
INFO : Deployment of web application directory D:\project\mytomcat\webapps\a has finished in 0 ms
07 31, 2020 11:20:11 上午 cn.how2j.mytomcat.catalina.Context <init>
INFO : Deploying web application directory D:\project\mytomcat\webapps\ROOT
07 31, 2020 11:20:11 上午 cn.how2j.mytomcat.catalina.Context <init>
INFO : Deployment of web application directory D:\project\mytomcat\webapps\ROOT has finished in 1 ms
07 31, 2020 11:20:11 上午 cn.how2j.mytomcat.catalina.Context <init>
INFO : Deploying web application directory d:/project/mytomcat/b
07 31, 2020 11:20:11 上午 cn.how2j.mytomcat.catalina.Context <init>
INFO : Deployment of web application directory d:/project/mytomcat/b has finished in 0 ms
07 31, 2020 11:31:05 上午 cn.how2j.mytomcat.catalina.Server logJVM
INFO : Server version:		How2J myTomcat/1.0.1
07 31, 2020 11:31:05 上午 cn.how2j.mytomcat.catalina.Server logJVM
INFO : Server built:		2020-04-08 10:20:22
07 31, 2020 11:31:05 上午 cn.how2j.mytomcat.catalina.Server logJVM
INFO : Server number:		1.0.1
07 31, 2020 11:31:05 上午 cn.how2j.mytomcat.catalina.Server logJVM
INFO : OS Name	:		Windows 8.1
07 31, 2020 11:31:05 上午 cn.how2j.mytomcat.catalina.Server logJVM
INFO : OS Version:		6.3
07 31, 2020 11:31:05 上午 cn.how2j.mytomcat.catalina.Server logJVM
INFO : Architecture:		amd64
07 31, 2020 11:31:05 上午 cn.how2j.mytomcat.catalina.Server logJVM
INFO : Java Home:		C:\Program Files\Java\jdk1.8.0_45\jre
07 31, 2020 11:31:05 上午 cn.how2j.mytomcat.catalina.Server logJVM
INFO : JVM Version:		1.8.0_45-b14
07 31, 2020 11:31:05 上午 cn.how2j.mytomcat.catalina.Server logJVM
INFO : JVM Vendor:		Oracle Corporation
07 31, 2020 11:31:08 上午 cn.how2j.mytomcat.catalina.Context <init>
INFO : Deploying web application directory D:\project\mytomcat\webapps\a
07 31, 2020 11:31:08 上午 cn.how2j.mytomcat.catalina.Context <init>
INFO : Deployment of web application directory D:\project\mytomcat\webapps\a has finished in 0 ms
07 31, 2020 11:31:08 上午 cn.how2j.mytomcat.catalina.Context <init>
INFO : Deploying web application directory D:\project\mytomcat\webapps\ROOT
07 31, 2020 11:31:08 上午 cn.how2j.mytomcat.catalina.Context <init>
INFO : Deployment of web application directory D:\project\mytomcat\webapps\ROOT has finished in 0 ms
07 31, 2020 11:31:08 上午 cn.how2j.mytomcat.catalina.Context <init>
INFO : Deploying web application directory d:/project/mytomcat/b
07 31, 2020 11:31:08 上午 cn.how2j.mytomcat.catalina.Context <init>
INFO : Deployment of web application directory d:/project/mytomcat/b has finished in 1 ms
