08 09, 2020 09:45:39 上午 cn.how2j.mytomcat.catalina.Server logJVM
INFO : Server version:		How2J myTomcat/1.0.1
08 09, 2020 09:45:39 上午 cn.how2j.mytomcat.catalina.Server logJVM
INFO : Server built:		2020-04-08 10:20:22
08 09, 2020 09:45:39 上午 cn.how2j.mytomcat.catalina.Server logJVM
INFO : Server number:		1.0.1
08 09, 2020 09:45:39 上午 cn.how2j.mytomcat.catalina.Server logJVM
INFO : OS Name	:		Windows 8.1
08 09, 2020 09:45:39 上午 cn.how2j.mytomcat.catalina.Server logJVM
INFO : OS Version:		6.3
08 09, 2020 09:45:39 上午 cn.how2j.mytomcat.catalina.Server logJVM
INFO : Architecture:		amd64
08 09, 2020 09:45:39 上午 cn.how2j.mytomcat.catalina.Server logJVM
INFO : Java Home:		C:\Program Files\Java\jdk1.8.0_45\jre
08 09, 2020 09:45:39 上午 cn.how2j.mytomcat.catalina.Server logJVM
INFO : JVM Version:		1.8.0_45-b14
08 09, 2020 09:45:39 上午 cn.how2j.mytomcat.catalina.Server logJVM
INFO : JVM Vendor:		Oracle Corporation
08 09, 2020 09:45:39 上午 cn.how2j.mytomcat.catalina.Connector init
INFO : Initializing ProtocolHandler [http-bio-1219]
08 09, 2020 09:45:39 上午 cn.how2j.mytomcat.catalina.Connector init
INFO : Initializing ProtocolHandler [http-bio-1220]
08 09, 2020 09:45:39 上午 cn.how2j.mytomcat.catalina.Connector init
INFO : Initializing ProtocolHandler [http-bio-1221]
08 09, 2020 09:45:39 上午 cn.how2j.mytomcat.catalina.Service init
INFO : Initialization processed in 0 ms
08 09, 2020 09:45:39 上午 cn.how2j.mytomcat.catalina.Connector start
INFO : Starting ProtocolHandler [http-bio-1219]
08 09, 2020 09:45:39 上午 cn.how2j.mytomcat.catalina.Connector start
INFO : Starting ProtocolHandler [http-bio-1220]
08 09, 2020 09:45:39 上午 cn.how2j.mytomcat.catalina.Connector start
INFO : Starting ProtocolHandler [http-bio-1221]
08 09, 2020 09:45:39 上午 cn.how2j.mytomcat.catalina.Server start
INFO : Server startup in 176 ms
08 09, 2020 09:47:47 上午 cn.how2j.mytomcat.catalina.Context deploy
INFO : Deploying web application directory D:\project\mytomcat\webapps\a
08 09, 2020 09:47:47 上午 cn.how2j.mytomcat.catalina.Context deploy
INFO : Deployment of web application directory D:\project\mytomcat\webapps\a has finished in 14 ms
08 09, 2020 09:47:47 上午 cn.how2j.mytomcat.catalina.Context deploy
INFO : Deploying web application directory D:\project\mytomcat\webapps\ROOT
08 09, 2020 09:47:47 上午 cn.how2j.mytomcat.catalina.Context deploy
INFO : Deployment of web application directory D:\project\mytomcat\webapps\ROOT has finished in 1 ms
08 09, 2020 09:47:47 上午 cn.how2j.mytomcat.catalina.Context deploy
INFO : Deploying web application directory d:/project/mytomcat/b
08 09, 2020 09:47:47 上午 cn.how2j.mytomcat.catalina.Context deploy
INFO : Deployment of web application directory d:/project/mytomcat/b has finished in 1 ms
08 09, 2020 09:47:47 上午 cn.how2j.mytomcat.catalina.Context deploy
INFO : Deploying web application directory d:/project/myjava/web
08 09, 2020 09:47:47 上午 cn.how2j.mytomcat.catalina.Context deploy
INFO : Deployment of web application directory d:/project/myjava/web has finished in 4 ms
08 09, 2020 09:47:47 上午 cn.how2j.mytomcat.catalina.Context deploy
INFO : Deploying web application directory D:\project\mytomcat\webapps\a
08 09, 2020 09:47:47 上午 cn.how2j.mytomcat.catalina.Context deploy
INFO : Deployment of web application directory D:\project\mytomcat\webapps\a has finished in 0 ms
08 09, 2020 09:47:47 上午 cn.how2j.mytomcat.catalina.Context deploy
INFO : Deploying web application directory D:\project\mytomcat\webapps\ROOT
08 09, 2020 09:47:47 上午 cn.how2j.mytomcat.catalina.Context deploy
INFO : Deployment of web application directory D:\project\mytomcat\webapps\ROOT has finished in 1 ms
08 09, 2020 09:47:47 上午 cn.how2j.mytomcat.catalina.Context deploy
INFO : Deploying web application directory d:/project/mytomcat/b
08 09, 2020 09:47:47 上午 cn.how2j.mytomcat.catalina.Context deploy
INFO : Deployment of web application directory d:/project/mytomcat/b has finished in 1 ms
08 09, 2020 09:47:47 上午 cn.how2j.mytomcat.catalina.Context deploy
INFO : Deploying web application directory d:/project/myjava/web
08 09, 2020 09:47:47 上午 cn.how2j.mytomcat.catalina.Context deploy
INFO : Deployment of web application directory d:/project/myjava/web has finished in 3 ms
08 09, 2020 09:49:23 上午 cn.how2j.mytomcat.catalina.Server logJVM
INFO : Server version:		How2J myTomcat/1.0.1
08 09, 2020 09:49:23 上午 cn.how2j.mytomcat.catalina.Server logJVM
INFO : Server built:		2020-04-08 10:20:22
08 09, 2020 09:49:23 上午 cn.how2j.mytomcat.catalina.Server logJVM
INFO : Server number:		1.0.1
08 09, 2020 09:49:23 上午 cn.how2j.mytomcat.catalina.Server logJVM
INFO : OS Name	:		Windows 8.1
08 09, 2020 09:49:23 上午 cn.how2j.mytomcat.catalina.Server logJVM
INFO : OS Version:		6.3
08 09, 2020 09:49:23 上午 cn.how2j.mytomcat.catalina.Server logJVM
INFO : Architecture:		amd64
08 09, 2020 09:49:23 上午 cn.how2j.mytomcat.catalina.Server logJVM
INFO : Java Home:		C:\Program Files\Java\jdk1.8.0_45\jre
08 09, 2020 09:49:23 上午 cn.how2j.mytomcat.catalina.Server logJVM
INFO : JVM Version:		1.8.0_45-b14
08 09, 2020 09:49:23 上午 cn.how2j.mytomcat.catalina.Server logJVM
INFO : JVM Vendor:		Oracle Corporation
08 09, 2020 09:49:23 上午 cn.how2j.mytomcat.catalina.Connector init
INFO : Initializing ProtocolHandler [http-bio-1219]
08 09, 2020 09:49:23 上午 cn.how2j.mytomcat.catalina.Connector init
INFO : Initializing ProtocolHandler [http-bio-1220]
08 09, 2020 09:49:23 上午 cn.how2j.mytomcat.catalina.Connector init
INFO : Initializing ProtocolHandler [http-bio-1221]
08 09, 2020 09:49:23 上午 cn.how2j.mytomcat.catalina.Service init
INFO : Initialization processed in 1 ms
08 09, 2020 09:49:23 上午 cn.how2j.mytomcat.catalina.Connector start
INFO : Starting ProtocolHandler [http-bio-1219]
08 09, 2020 09:49:23 上午 cn.how2j.mytomcat.catalina.Connector start
INFO : Starting ProtocolHandler [http-bio-1220]
08 09, 2020 09:49:23 上午 cn.how2j.mytomcat.catalina.Connector start
INFO : Starting ProtocolHandler [http-bio-1221]
08 09, 2020 09:49:23 上午 cn.how2j.mytomcat.catalina.Server start
INFO : Server startup in 70 ms
08 09, 2020 09:49:28 上午 cn.how2j.mytomcat.catalina.Context deploy
INFO : Deploying web application directory D:\project\mytomcat\webapps\a
08 09, 2020 09:49:28 上午 cn.how2j.mytomcat.catalina.Context deploy
INFO : Deployment of web application directory D:\project\mytomcat\webapps\a has finished in 9 ms
08 09, 2020 09:49:28 上午 cn.how2j.mytomcat.catalina.Context deploy
INFO : Deploying web application directory D:\project\mytomcat\webapps\ROOT
08 09, 2020 09:49:28 上午 cn.how2j.mytomcat.catalina.Context deploy
INFO : Deployment of web application directory D:\project\mytomcat\webapps\ROOT has finished in 1 ms
08 09, 2020 09:49:28 上午 cn.how2j.mytomcat.catalina.Context deploy
INFO : Deploying web application directory d:/project/mytomcat/b
08 09, 2020 09:49:28 上午 cn.how2j.mytomcat.catalina.Context deploy
INFO : Deployment of web application directory d:/project/mytomcat/b has finished in 1 ms
08 09, 2020 09:49:28 上午 cn.how2j.mytomcat.catalina.Context deploy
INFO : Deploying web application directory d:/project/myjava/web
08 09, 2020 09:49:28 上午 cn.how2j.mytomcat.catalina.Context deploy
INFO : Deployment of web application directory d:/project/myjava/web has finished in 5 ms
08 09, 2020 09:49:28 上午 cn.how2j.mytomcat.catalina.Context deploy
INFO : Deploying web application directory D:\project\mytomcat\webapps\a
08 09, 2020 09:49:28 上午 cn.how2j.mytomcat.catalina.Context deploy
INFO : Deployment of web application directory D:\project\mytomcat\webapps\a has finished in 1 ms
08 09, 2020 09:49:28 上午 cn.how2j.mytomcat.catalina.Context deploy
INFO : Deploying web application directory D:\project\mytomcat\webapps\ROOT
08 09, 2020 09:49:28 上午 cn.how2j.mytomcat.catalina.Context deploy
INFO : Deployment of web application directory D:\project\mytomcat\webapps\ROOT has finished in 1 ms
08 09, 2020 09:49:28 上午 cn.how2j.mytomcat.catalina.Context deploy
INFO : Deploying web application directory d:/project/mytomcat/b
08 09, 2020 09:49:28 上午 cn.how2j.mytomcat.catalina.Context deploy
INFO : Deployment of web application directory d:/project/mytomcat/b has finished in 0 ms
08 09, 2020 09:49:28 上午 cn.how2j.mytomcat.catalina.Context deploy
INFO : Deploying web application directory d:/project/myjava/web
08 09, 2020 09:49:28 上午 cn.how2j.mytomcat.catalina.Context deploy
INFO : Deployment of web application directory d:/project/myjava/web has finished in 3 ms
08 09, 2020 09:50:36 上午 cn.how2j.mytomcat.catalina.Server logJVM
INFO : Server version:		How2J myTomcat/1.0.1
08 09, 2020 09:50:36 上午 cn.how2j.mytomcat.catalina.Server logJVM
INFO : Server built:		2020-04-08 10:20:22
08 09, 2020 09:50:36 上午 cn.how2j.mytomcat.catalina.Server logJVM
INFO : Server number:		1.0.1
08 09, 2020 09:50:36 上午 cn.how2j.mytomcat.catalina.Server logJVM
INFO : OS Name	:		Windows 8.1
08 09, 2020 09:50:36 上午 cn.how2j.mytomcat.catalina.Server logJVM
INFO : OS Version:		6.3
08 09, 2020 09:50:36 上午 cn.how2j.mytomcat.catalina.Server logJVM
INFO : Architecture:		amd64
08 09, 2020 09:50:36 上午 cn.how2j.mytomcat.catalina.Server logJVM
INFO : Java Home:		C:\Program Files\Java\jdk1.8.0_45\jre
08 09, 2020 09:50:36 上午 cn.how2j.mytomcat.catalina.Server logJVM
INFO : JVM Version:		1.8.0_45-b14
08 09, 2020 09:50:36 上午 cn.how2j.mytomcat.catalina.Server logJVM
INFO : JVM Vendor:		Oracle Corporation
08 09, 2020 09:50:36 上午 cn.how2j.mytomcat.catalina.Connector init
INFO : Initializing ProtocolHandler [http-bio-1219]
08 09, 2020 09:50:36 上午 cn.how2j.mytomcat.catalina.Connector init
INFO : Initializing ProtocolHandler [http-bio-1220]
08 09, 2020 09:50:36 上午 cn.how2j.mytomcat.catalina.Connector init
INFO : Initializing ProtocolHandler [http-bio-1221]
08 09, 2020 09:50:36 上午 cn.how2j.mytomcat.catalina.Service init
INFO : Initialization processed in 0 ms
08 09, 2020 09:50:36 上午 cn.how2j.mytomcat.catalina.Connector start
INFO : Starting ProtocolHandler [http-bio-1219]
08 09, 2020 09:50:36 上午 cn.how2j.mytomcat.catalina.Connector start
INFO : Starting ProtocolHandler [http-bio-1220]
08 09, 2020 09:50:36 上午 cn.how2j.mytomcat.catalina.Connector start
INFO : Starting ProtocolHandler [http-bio-1221]
08 09, 2020 09:50:36 上午 cn.how2j.mytomcat.catalina.Server start
INFO : Server startup in 67 ms
08 09, 2020 09:50:44 上午 cn.how2j.mytomcat.catalina.Context deploy
INFO : Deploying web application directory D:\project\mytomcat\webapps\a
08 09, 2020 09:50:44 上午 cn.how2j.mytomcat.catalina.Context deploy
INFO : Deployment of web application directory D:\project\mytomcat\webapps\a has finished in 9 ms
08 09, 2020 09:50:44 上午 cn.how2j.mytomcat.catalina.Context deploy
INFO : Deploying web application directory D:\project\mytomcat\webapps\ROOT
08 09, 2020 09:50:44 上午 cn.how2j.mytomcat.catalina.Context deploy
INFO : Deployment of web application directory D:\project\mytomcat\webapps\ROOT has finished in 0 ms
08 09, 2020 09:50:44 上午 cn.how2j.mytomcat.catalina.Context deploy
INFO : Deploying web application directory d:/project/mytomcat/b
08 09, 2020 09:50:44 上午 cn.how2j.mytomcat.catalina.Context deploy
INFO : Deployment of web application directory d:/project/mytomcat/b has finished in 1 ms
08 09, 2020 09:50:44 上午 cn.how2j.mytomcat.catalina.Context deploy
INFO : Deploying web application directory d:/project/myjava/web
08 09, 2020 09:50:44 上午 cn.how2j.mytomcat.catalina.Context deploy
INFO : Deployment of web application directory d:/project/myjava/web has finished in 3 ms
08 09, 2020 09:50:44 上午 cn.how2j.mytomcat.catalina.Context deploy
INFO : Deploying web application directory D:\project\mytomcat\webapps\a
08 09, 2020 09:50:44 上午 cn.how2j.mytomcat.catalina.Context deploy
INFO : Deployment of web application directory D:\project\mytomcat\webapps\a has finished in 1 ms
08 09, 2020 09:50:44 上午 cn.how2j.mytomcat.catalina.Context deploy
INFO : Deploying web application directory D:\project\mytomcat\webapps\ROOT
08 09, 2020 09:50:44 上午 cn.how2j.mytomcat.catalina.Context deploy
INFO : Deployment of web application directory D:\project\mytomcat\webapps\ROOT has finished in 0 ms
08 09, 2020 09:50:44 上午 cn.how2j.mytomcat.catalina.Context deploy
INFO : Deploying web application directory d:/project/mytomcat/b
08 09, 2020 09:50:44 上午 cn.how2j.mytomcat.catalina.Context deploy
INFO : Deployment of web application directory d:/project/mytomcat/b has finished in 0 ms
08 09, 2020 09:50:44 上午 cn.how2j.mytomcat.catalina.Context deploy
INFO : Deploying web application directory d:/project/myjava/web
08 09, 2020 09:50:44 上午 cn.how2j.mytomcat.catalina.Context deploy
INFO : Deployment of web application directory d:/project/myjava/web has finished in 2 ms
08 09, 2020 10:18:15 上午 cn.how2j.mytomcat.catalina.Server logJVM
INFO : Server version:		How2J myTomcat/1.0.1
08 09, 2020 10:18:15 上午 cn.how2j.mytomcat.catalina.Server logJVM
INFO : Server built:		2020-04-08 10:20:22
08 09, 2020 10:18:15 上午 cn.how2j.mytomcat.catalina.Server logJVM
INFO : Server number:		1.0.1
08 09, 2020 10:18:15 上午 cn.how2j.mytomcat.catalina.Server logJVM
INFO : OS Name	:		Windows 8.1
08 09, 2020 10:18:15 上午 cn.how2j.mytomcat.catalina.Server logJVM
INFO : OS Version:		6.3
08 09, 2020 10:18:15 上午 cn.how2j.mytomcat.catalina.Server logJVM
INFO : Architecture:		amd64
08 09, 2020 10:18:15 上午 cn.how2j.mytomcat.catalina.Server logJVM
INFO : Java Home:		C:\Program Files\Java\jdk1.8.0_45\jre
08 09, 2020 10:18:15 上午 cn.how2j.mytomcat.catalina.Server logJVM
INFO : JVM Version:		1.8.0_45-b14
08 09, 2020 10:18:15 上午 cn.how2j.mytomcat.catalina.Server logJVM
INFO : JVM Vendor:		Oracle Corporation
08 09, 2020 10:18:15 上午 cn.how2j.mytomcat.catalina.Connector init
INFO : Initializing ProtocolHandler [http-bio-1219]
08 09, 2020 10:18:15 上午 cn.how2j.mytomcat.catalina.Connector init
INFO : Initializing ProtocolHandler [http-bio-1220]
08 09, 2020 10:18:15 上午 cn.how2j.mytomcat.catalina.Connector init
INFO : Initializing ProtocolHandler [http-bio-1221]
08 09, 2020 10:18:15 上午 cn.how2j.mytomcat.catalina.Service init
INFO : Initialization processed in 0 ms
08 09, 2020 10:18:15 上午 cn.how2j.mytomcat.catalina.Connector start
INFO : Starting ProtocolHandler [http-bio-1219]
08 09, 2020 10:18:15 上午 cn.how2j.mytomcat.catalina.Connector start
INFO : Starting ProtocolHandler [http-bio-1220]
08 09, 2020 10:18:15 上午 cn.how2j.mytomcat.catalina.Connector start
INFO : Starting ProtocolHandler [http-bio-1221]
08 09, 2020 10:18:15 上午 cn.how2j.mytomcat.catalina.Server start
INFO : Server startup in 71 ms
08 09, 2020 10:18:36 上午 cn.how2j.mytomcat.catalina.Context deploy
INFO : Deploying web application directory D:\project\mytomcat\webapps\a
08 09, 2020 10:18:36 上午 cn.how2j.mytomcat.catalina.Context deploy
INFO : Deployment of web application directory D:\project\mytomcat\webapps\a has finished in 9 ms
08 09, 2020 10:18:36 上午 cn.how2j.mytomcat.catalina.Context deploy
INFO : Deploying web application directory D:\project\mytomcat\webapps\ROOT
08 09, 2020 10:18:36 上午 cn.how2j.mytomcat.catalina.Context deploy
INFO : Deployment of web application directory D:\project\mytomcat\webapps\ROOT has finished in 0 ms
08 09, 2020 10:18:36 上午 cn.how2j.mytomcat.catalina.Context deploy
INFO : Deploying web application directory d:/project/mytomcat/b
08 09, 2020 10:18:36 上午 cn.how2j.mytomcat.catalina.Context deploy
INFO : Deployment of web application directory d:/project/mytomcat/b has finished in 0 ms
08 09, 2020 10:18:36 上午 cn.how2j.mytomcat.catalina.Context deploy
INFO : Deploying web application directory d:/project/myjava/web
08 09, 2020 10:18:36 上午 cn.how2j.mytomcat.catalina.Context deploy
INFO : Deployment of web application directory d:/project/myjava/web has finished in 4 ms
08 09, 2020 10:18:36 上午 cn.how2j.mytomcat.catalina.Context deploy
INFO : Deploying web application directory D:\project\mytomcat\webapps\a
08 09, 2020 10:18:36 上午 cn.how2j.mytomcat.catalina.Context deploy
INFO : Deployment of web application directory D:\project\mytomcat\webapps\a has finished in 0 ms
08 09, 2020 10:18:36 上午 cn.how2j.mytomcat.catalina.Context deploy
INFO : Deploying web application directory D:\project\mytomcat\webapps\ROOT
08 09, 2020 10:18:36 上午 cn.how2j.mytomcat.catalina.Context deploy
INFO : Deployment of web application directory D:\project\mytomcat\webapps\ROOT has finished in 0 ms
08 09, 2020 10:18:36 上午 cn.how2j.mytomcat.catalina.Context deploy
INFO : Deploying web application directory d:/project/mytomcat/b
08 09, 2020 10:18:36 上午 cn.how2j.mytomcat.catalina.Context deploy
INFO : Deployment of web application directory d:/project/mytomcat/b has finished in 1 ms
08 09, 2020 10:18:36 上午 cn.how2j.mytomcat.catalina.Context deploy
INFO : Deploying web application directory d:/project/myjava/web
08 09, 2020 10:18:36 上午 cn.how2j.mytomcat.catalina.Context deploy
INFO : Deployment of web application directory d:/project/myjava/web has finished in 4 ms
