08 18, 2020 15:29:13 涓 cn.how2j.mytomcat.catalina.Server logJVM
INFO : Server version:		How2J myTomcat/1.0.1
08 18, 2020 15:29:13 涓 cn.how2j.mytomcat.catalina.Server logJVM
INFO : Server built:		2020-04-08 10:20:22
08 18, 2020 15:29:13 涓 cn.how2j.mytomcat.catalina.Server logJVM
INFO : Server number:		1.0.1
08 18, 2020 15:29:13 涓 cn.how2j.mytomcat.catalina.Server logJVM
INFO : OS Name	:		Windows 8.1
08 18, 2020 15:29:13 涓 cn.how2j.mytomcat.catalina.Server logJVM
INFO : OS Version:		6.3
08 18, 2020 15:29:13 涓 cn.how2j.mytomcat.catalina.Server logJVM
INFO : Architecture:		amd64
08 18, 2020 15:29:13 涓 cn.how2j.mytomcat.catalina.Server logJVM
INFO : Java Home:		C:\Program Files\Java\jdk1.8.0_45\jre
08 18, 2020 15:29:13 涓 cn.how2j.mytomcat.catalina.Server logJVM
INFO : JVM Version:		1.8.0_45-b14
08 18, 2020 15:29:13 涓 cn.how2j.mytomcat.catalina.Server logJVM
INFO : JVM Vendor:		Oracle Corporation
08 18, 2020 15:29:13 涓 cn.how2j.mytomcat.catalina.Connector init
INFO : Initializing ProtocolHandler [http-bio-1219]
08 18, 2020 15:29:13 涓 cn.how2j.mytomcat.catalina.Connector init
INFO : Initializing ProtocolHandler [http-bio-1220]
08 18, 2020 15:29:13 涓 cn.how2j.mytomcat.catalina.Connector init
INFO : Initializing ProtocolHandler [http-bio-1221]
08 18, 2020 15:29:13 涓 cn.how2j.mytomcat.catalina.Service init
INFO : Initialization processed in 0 ms
08 18, 2020 15:29:13 涓 cn.how2j.mytomcat.catalina.Connector start
INFO : Starting ProtocolHandler [http-bio-1219]
08 18, 2020 15:29:13 涓 cn.how2j.mytomcat.catalina.Connector start
INFO : Starting ProtocolHandler [http-bio-1220]
08 18, 2020 15:29:13 涓 cn.how2j.mytomcat.catalina.Connector start
INFO : Starting ProtocolHandler [http-bio-1221]
08 18, 2020 15:29:13 涓 cn.how2j.mytomcat.catalina.Server start
INFO : Server startup in 183 ms
08 18, 2020 15:54:48 下午 cn.how2j.mytomcat.catalina.Server logJVM
INFO : Server version:		How2J myTomcat/1.0.1
08 18, 2020 15:54:48 下午 cn.how2j.mytomcat.catalina.Server logJVM
INFO : Server built:		2020-04-08 10:20:22
08 18, 2020 15:54:48 下午 cn.how2j.mytomcat.catalina.Server logJVM
INFO : Server number:		1.0.1
08 18, 2020 15:54:48 下午 cn.how2j.mytomcat.catalina.Server logJVM
INFO : OS Name	:		Windows 10
08 18, 2020 15:54:48 下午 cn.how2j.mytomcat.catalina.Server logJVM
INFO : OS Version:		10.0
08 18, 2020 15:54:48 下午 cn.how2j.mytomcat.catalina.Server logJVM
INFO : Architecture:		x86
08 18, 2020 15:54:48 下午 cn.how2j.mytomcat.catalina.Server logJVM
INFO : Java Home:		D:\JDK\jre
08 18, 2020 15:54:48 下午 cn.how2j.mytomcat.catalina.Server logJVM
INFO : JVM Version:		1.8.0_65-b17
08 18, 2020 15:54:48 下午 cn.how2j.mytomcat.catalina.Server logJVM
INFO : JVM Vendor:		Oracle Corporation
08 18, 2020 15:54:48 下午 cn.how2j.mytomcat.catalina.Connector init
INFO : Initializing ProtocolHandler [http-bio-1219]
08 18, 2020 15:54:48 下午 cn.how2j.mytomcat.catalina.Connector init
INFO : Initializing ProtocolHandler [http-bio-1220]
08 18, 2020 15:54:48 下午 cn.how2j.mytomcat.catalina.Connector init
INFO : Initializing ProtocolHandler [http-bio-1221]
08 18, 2020 15:54:48 下午 cn.how2j.mytomcat.catalina.Service init
INFO : Initialization processed in 4 ms
08 18, 2020 15:54:48 下午 cn.how2j.mytomcat.catalina.Connector start
INFO : Starting ProtocolHandler [http-bio-1219]
08 18, 2020 15:54:48 下午 cn.how2j.mytomcat.catalina.Connector start
INFO : Starting ProtocolHandler [http-bio-1220]
08 18, 2020 15:54:48 下午 cn.how2j.mytomcat.catalina.Connector start
INFO : Starting ProtocolHandler [http-bio-1221]
08 18, 2020 15:54:48 下午 cn.how2j.mytomcat.catalina.Server start
INFO : Server startup in 130 ms
