07 30, 2020 09:26:30 上午 cn.how2j.mytomcat.Bootstrap logJVM
INFO : Server version:		How2J DiyTomcat/1.0.1
07 30, 2020 09:26:30 上午 cn.how2j.mytomcat.Bootstrap logJVM
INFO : Server built:		2020-04-08 10:20:22
07 30, 2020 09:26:30 上午 cn.how2j.mytomcat.Bootstrap logJVM
INFO : Server number:		1.0.1
07 30, 2020 09:26:30 上午 cn.how2j.mytomcat.Bootstrap logJVM
INFO : OS Name	:		Windows 8.1
07 30, 2020 09:26:30 上午 cn.how2j.mytomcat.Bootstrap logJVM
INFO : OS Version:		6.3
07 30, 2020 09:26:30 上午 cn.how2j.mytomcat.Bootstrap logJVM
INFO : Architecture:		amd64
07 30, 2020 09:26:30 上午 cn.how2j.mytomcat.Bootstrap logJVM
INFO : Java Home:		C:\Program Files\Java\jdk1.8.0_45\jre
07 30, 2020 09:26:30 上午 cn.how2j.mytomcat.Bootstrap logJVM
INFO : JVM Version:		1.8.0_45-b14
07 30, 2020 09:26:30 上午 cn.how2j.mytomcat.Bootstrap logJVM
INFO : JVM Vendor:		Oracle Corporation
07 30, 2020 09:29:56 上午 cn.how2j.mytomcat.Bootstrap logJVM
INFO : Server version:		How2J myTomcat/1.0.1
07 30, 2020 09:29:56 上午 cn.how2j.mytomcat.Bootstrap logJVM
INFO : Server built:		2020-04-08 10:20:22
07 30, 2020 09:29:56 上午 cn.how2j.mytomcat.Bootstrap logJVM
INFO : Server number:		1.0.1
07 30, 2020 09:29:56 上午 cn.how2j.mytomcat.Bootstrap logJVM
INFO : OS Name	:		Windows 8.1
07 30, 2020 09:29:56 上午 cn.how2j.mytomcat.Bootstrap logJVM
INFO : OS Version:		6.3
07 30, 2020 09:29:56 上午 cn.how2j.mytomcat.Bootstrap logJVM
INFO : Architecture:		amd64
07 30, 2020 09:29:56 上午 cn.how2j.mytomcat.Bootstrap logJVM
INFO : Java Home:		C:\Program Files\Java\jdk1.8.0_45\jre
07 30, 2020 09:29:56 上午 cn.how2j.mytomcat.Bootstrap logJVM
INFO : JVM Version:		1.8.0_45-b14
07 30, 2020 09:29:56 上午 cn.how2j.mytomcat.Bootstrap logJVM
INFO : JVM Vendor:		Oracle Corporation
07 30, 2020 10:04:12 上午 cn.how2j.mytomcat.Bootstrap logJVM
INFO : Server version:		How2J myTomcat/1.0.1
07 30, 2020 10:04:12 上午 cn.how2j.mytomcat.Bootstrap logJVM
INFO : Server built:		2020-04-08 10:20:22
07 30, 2020 10:04:12 上午 cn.how2j.mytomcat.Bootstrap logJVM
INFO : Server number:		1.0.1
07 30, 2020 10:04:12 上午 cn.how2j.mytomcat.Bootstrap logJVM
INFO : OS Name	:		Windows 8.1
07 30, 2020 10:04:12 上午 cn.how2j.mytomcat.Bootstrap logJVM
INFO : OS Version:		6.3
07 30, 2020 10:04:12 上午 cn.how2j.mytomcat.Bootstrap logJVM
INFO : Architecture:		amd64
07 30, 2020 10:04:12 上午 cn.how2j.mytomcat.Bootstrap logJVM
INFO : Java Home:		C:\Program Files\Java\jdk1.8.0_45\jre
07 30, 2020 10:04:12 上午 cn.how2j.mytomcat.Bootstrap logJVM
INFO : JVM Version:		1.8.0_45-b14
07 30, 2020 10:04:12 上午 cn.how2j.mytomcat.Bootstrap logJVM
INFO : JVM Vendor:		Oracle Corporation
07 30, 2020 10:19:16 上午 cn.how2j.mytomcat.Bootstrap logJVM
INFO : Server version:		How2J myTomcat/1.0.1
07 30, 2020 10:19:16 上午 cn.how2j.mytomcat.Bootstrap logJVM
INFO : Server built:		2020-04-08 10:20:22
07 30, 2020 10:19:16 上午 cn.how2j.mytomcat.Bootstrap logJVM
INFO : Server number:		1.0.1
07 30, 2020 10:19:16 上午 cn.how2j.mytomcat.Bootstrap logJVM
INFO : OS Name	:		Windows 8.1
07 30, 2020 10:19:16 上午 cn.how2j.mytomcat.Bootstrap logJVM
INFO : OS Version:		6.3
07 30, 2020 10:19:16 上午 cn.how2j.mytomcat.Bootstrap logJVM
INFO : Architecture:		amd64
07 30, 2020 10:19:16 上午 cn.how2j.mytomcat.Bootstrap logJVM
INFO : Java Home:		C:\Program Files\Java\jdk1.8.0_45\jre
07 30, 2020 10:19:16 上午 cn.how2j.mytomcat.Bootstrap logJVM
INFO : JVM Version:		1.8.0_45-b14
07 30, 2020 10:19:16 上午 cn.how2j.mytomcat.Bootstrap logJVM
INFO : JVM Vendor:		Oracle Corporation
07 30, 2020 10:22:18 上午 cn.how2j.mytomcat.Bootstrap logJVM
INFO : Server version:		How2J myTomcat/1.0.1
07 30, 2020 10:22:18 上午 cn.how2j.mytomcat.Bootstrap logJVM
INFO : Server built:		2020-04-08 10:20:22
07 30, 2020 10:22:18 上午 cn.how2j.mytomcat.Bootstrap logJVM
INFO : Server number:		1.0.1
07 30, 2020 10:22:18 上午 cn.how2j.mytomcat.Bootstrap logJVM
INFO : OS Name	:		Windows 8.1
07 30, 2020 10:22:18 上午 cn.how2j.mytomcat.Bootstrap logJVM
INFO : OS Version:		6.3
07 30, 2020 10:22:18 上午 cn.how2j.mytomcat.Bootstrap logJVM
INFO : Architecture:		amd64
07 30, 2020 10:22:18 上午 cn.how2j.mytomcat.Bootstrap logJVM
INFO : Java Home:		C:\Program Files\Java\jdk1.8.0_45\jre
07 30, 2020 10:22:18 上午 cn.how2j.mytomcat.Bootstrap logJVM
INFO : JVM Version:		1.8.0_45-b14
07 30, 2020 10:22:18 上午 cn.how2j.mytomcat.Bootstrap logJVM
INFO : JVM Vendor:		Oracle Corporation
07 30, 2020 10:26:21 上午 cn.how2j.mytomcat.Bootstrap logJVM
INFO : Server version:		How2J myTomcat/1.0.1
07 30, 2020 10:26:21 上午 cn.how2j.mytomcat.Bootstrap logJVM
INFO : Server built:		2020-04-08 10:20:22
07 30, 2020 10:26:21 上午 cn.how2j.mytomcat.Bootstrap logJVM
INFO : Server number:		1.0.1
07 30, 2020 10:26:21 上午 cn.how2j.mytomcat.Bootstrap logJVM
INFO : OS Name	:		Windows 8.1
07 30, 2020 10:26:21 上午 cn.how2j.mytomcat.Bootstrap logJVM
INFO : OS Version:		6.3
07 30, 2020 10:26:21 上午 cn.how2j.mytomcat.Bootstrap logJVM
INFO : Architecture:		amd64
07 30, 2020 10:26:21 上午 cn.how2j.mytomcat.Bootstrap logJVM
INFO : Java Home:		C:\Program Files\Java\jdk1.8.0_45\jre
07 30, 2020 10:26:21 上午 cn.how2j.mytomcat.Bootstrap logJVM
INFO : JVM Version:		1.8.0_45-b14
07 30, 2020 10:26:21 上午 cn.how2j.mytomcat.Bootstrap logJVM
INFO : JVM Vendor:		Oracle Corporation
07 30, 2020 10:29:02 上午 cn.how2j.mytomcat.Bootstrap logJVM
INFO : Server version:		How2J myTomcat/1.0.1
07 30, 2020 10:29:02 上午 cn.how2j.mytomcat.Bootstrap logJVM
INFO : Server built:		2020-04-08 10:20:22
07 30, 2020 10:29:02 上午 cn.how2j.mytomcat.Bootstrap logJVM
INFO : Server number:		1.0.1
07 30, 2020 10:29:02 上午 cn.how2j.mytomcat.Bootstrap logJVM
INFO : OS Name	:		Windows 8.1
07 30, 2020 10:29:02 上午 cn.how2j.mytomcat.Bootstrap logJVM
INFO : OS Version:		6.3
07 30, 2020 10:29:02 上午 cn.how2j.mytomcat.Bootstrap logJVM
INFO : Architecture:		amd64
07 30, 2020 10:29:02 上午 cn.how2j.mytomcat.Bootstrap logJVM
INFO : Java Home:		C:\Program Files\Java\jdk1.8.0_45\jre
07 30, 2020 10:29:02 上午 cn.how2j.mytomcat.Bootstrap logJVM
INFO : JVM Version:		1.8.0_45-b14
07 30, 2020 10:29:02 上午 cn.how2j.mytomcat.Bootstrap logJVM
INFO : JVM Vendor:		Oracle Corporation
07 30, 2020 11:23:44 上午 cn.how2j.mytomcat.Bootstrap logJVM
INFO : Server version:		How2J myTomcat/1.0.1
07 30, 2020 11:23:44 上午 cn.how2j.mytomcat.Bootstrap logJVM
INFO : Server built:		2020-04-08 10:20:22
07 30, 2020 11:23:44 上午 cn.how2j.mytomcat.Bootstrap logJVM
INFO : Server number:		1.0.1
07 30, 2020 11:23:44 上午 cn.how2j.mytomcat.Bootstrap logJVM
INFO : OS Name	:		Windows 8.1
07 30, 2020 11:23:44 上午 cn.how2j.mytomcat.Bootstrap logJVM
INFO : OS Version:		6.3
07 30, 2020 11:23:44 上午 cn.how2j.mytomcat.Bootstrap logJVM
INFO : Architecture:		amd64
07 30, 2020 11:23:44 上午 cn.how2j.mytomcat.Bootstrap logJVM
INFO : Java Home:		C:\Program Files\Java\jdk1.8.0_45\jre
07 30, 2020 11:23:44 上午 cn.how2j.mytomcat.Bootstrap logJVM
INFO : JVM Version:		1.8.0_45-b14
07 30, 2020 11:23:44 上午 cn.how2j.mytomcat.Bootstrap logJVM
INFO : JVM Vendor:		Oracle Corporation
07 30, 2020 11:25:55 上午 cn.how2j.mytomcat.Bootstrap logJVM
INFO : Server version:		How2J myTomcat/1.0.1
07 30, 2020 11:25:55 上午 cn.how2j.mytomcat.Bootstrap logJVM
INFO : Server built:		2020-04-08 10:20:22
07 30, 2020 11:25:55 上午 cn.how2j.mytomcat.Bootstrap logJVM
INFO : Server number:		1.0.1
07 30, 2020 11:25:55 上午 cn.how2j.mytomcat.Bootstrap logJVM
INFO : OS Name	:		Windows 8.1
07 30, 2020 11:25:55 上午 cn.how2j.mytomcat.Bootstrap logJVM
INFO : OS Version:		6.3
07 30, 2020 11:25:55 上午 cn.how2j.mytomcat.Bootstrap logJVM
INFO : Architecture:		amd64
07 30, 2020 11:25:55 上午 cn.how2j.mytomcat.Bootstrap logJVM
INFO : Java Home:		C:\Program Files\Java\jdk1.8.0_45\jre
07 30, 2020 11:25:55 上午 cn.how2j.mytomcat.Bootstrap logJVM
INFO : JVM Version:		1.8.0_45-b14
07 30, 2020 11:25:55 上午 cn.how2j.mytomcat.Bootstrap logJVM
INFO : JVM Vendor:		Oracle Corporation
07 30, 2020 11:25:55 上午 cn.how2j.mytomcat.catalina.Context <init>
INFO : Deploying web application directory D:\project\mytomcat\webapps\a
07 30, 2020 11:25:55 上午 cn.how2j.mytomcat.catalina.Context <init>
INFO : Deployment of web application directory D:\project\mytomcat\webapps\a has finished in 1 ms
07 30, 2020 11:25:55 上午 cn.how2j.mytomcat.catalina.Context <init>
INFO : Deploying web application directory D:\project\mytomcat\webapps\ROOT
07 30, 2020 11:25:55 上午 cn.how2j.mytomcat.catalina.Context <init>
INFO : Deployment of web application directory D:\project\mytomcat\webapps\ROOT has finished in 0 ms
