08 08, 2020 10:26:31 上午 cn.how2j.mytomcat.catalina.Server logJVM
INFO : Server version:		How2J myTomcat/1.0.1
08 08, 2020 10:26:31 上午 cn.how2j.mytomcat.catalina.Server logJVM
INFO : Server built:		2020-04-08 10:20:22
08 08, 2020 10:26:31 上午 cn.how2j.mytomcat.catalina.Server logJVM
INFO : Server number:		1.0.1
08 08, 2020 10:26:31 上午 cn.how2j.mytomcat.catalina.Server logJVM
INFO : OS Name	:		Windows 8.1
08 08, 2020 10:26:31 上午 cn.how2j.mytomcat.catalina.Server logJVM
INFO : OS Version:		6.3
08 08, 2020 10:26:31 上午 cn.how2j.mytomcat.catalina.Server logJVM
INFO : Architecture:		amd64
08 08, 2020 10:26:31 上午 cn.how2j.mytomcat.catalina.Server logJVM
INFO : Java Home:		C:\Program Files\Java\jdk1.8.0_45\jre
08 08, 2020 10:26:31 上午 cn.how2j.mytomcat.catalina.Server logJVM
INFO : JVM Version:		1.8.0_45-b14
08 08, 2020 10:26:31 上午 cn.how2j.mytomcat.catalina.Server logJVM
INFO : JVM Vendor:		Oracle Corporation
08 08, 2020 10:26:31 上午 cn.how2j.mytomcat.catalina.Connector init
INFO : Initializing ProtocolHandler [http-bio-1219]
08 08, 2020 10:26:31 上午 cn.how2j.mytomcat.catalina.Connector init
INFO : Initializing ProtocolHandler [http-bio-1220]
08 08, 2020 10:26:31 上午 cn.how2j.mytomcat.catalina.Connector init
INFO : Initializing ProtocolHandler [http-bio-1221]
08 08, 2020 10:26:31 上午 cn.how2j.mytomcat.catalina.Service init
INFO : Initialization processed in 0 ms
08 08, 2020 10:26:31 上午 cn.how2j.mytomcat.catalina.Connector start
INFO : Starting ProtocolHandler [http-bio-1219]
08 08, 2020 10:26:31 上午 cn.how2j.mytomcat.catalina.Connector start
INFO : Starting ProtocolHandler [http-bio-1220]
08 08, 2020 10:26:31 上午 cn.how2j.mytomcat.catalina.Connector start
INFO : Starting ProtocolHandler [http-bio-1221]
08 08, 2020 10:26:31 上午 cn.how2j.mytomcat.catalina.Server start
INFO : Server startup in 139 ms
08 08, 2020 10:26:44 上午 cn.how2j.mytomcat.catalina.Context deploy
INFO : Deploying web application directory D:\project\mytomcat\webapps\a
08 08, 2020 10:26:44 上午 cn.how2j.mytomcat.catalina.Context deploy
INFO : Deployment of web application directory D:\project\mytomcat\webapps\a has finished in 11 ms
08 08, 2020 10:26:44 上午 cn.how2j.mytomcat.catalina.Context deploy
INFO : Deploying web application directory D:\project\mytomcat\webapps\ROOT
08 08, 2020 10:26:44 上午 cn.how2j.mytomcat.catalina.Context deploy
INFO : Deployment of web application directory D:\project\mytomcat\webapps\ROOT has finished in 1 ms
08 08, 2020 10:26:44 上午 cn.how2j.mytomcat.catalina.Context deploy
INFO : Deploying web application directory d:/project/mytomcat/b
08 08, 2020 10:26:44 上午 cn.how2j.mytomcat.catalina.Context deploy
INFO : Deployment of web application directory d:/project/mytomcat/b has finished in 0 ms
08 08, 2020 10:26:44 上午 cn.how2j.mytomcat.catalina.Context deploy
INFO : Deploying web application directory d:/project/myjava/web
08 08, 2020 10:31:41 上午 cn.how2j.mytomcat.catalina.Server logJVM
INFO : Server version:		How2J myTomcat/1.0.1
08 08, 2020 10:31:41 上午 cn.how2j.mytomcat.catalina.Server logJVM
INFO : Server built:		2020-04-08 10:20:22
08 08, 2020 10:31:41 上午 cn.how2j.mytomcat.catalina.Server logJVM
INFO : Server number:		1.0.1
08 08, 2020 10:31:41 上午 cn.how2j.mytomcat.catalina.Server logJVM
INFO : OS Name	:		Windows 8.1
08 08, 2020 10:31:41 上午 cn.how2j.mytomcat.catalina.Server logJVM
INFO : OS Version:		6.3
08 08, 2020 10:31:41 上午 cn.how2j.mytomcat.catalina.Server logJVM
INFO : Architecture:		amd64
08 08, 2020 10:31:41 上午 cn.how2j.mytomcat.catalina.Server logJVM
INFO : Java Home:		C:\Program Files\Java\jdk1.8.0_45\jre
08 08, 2020 10:31:41 上午 cn.how2j.mytomcat.catalina.Server logJVM
INFO : JVM Version:		1.8.0_45-b14
08 08, 2020 10:31:41 上午 cn.how2j.mytomcat.catalina.Server logJVM
INFO : JVM Vendor:		Oracle Corporation
08 08, 2020 10:31:41 上午 cn.how2j.mytomcat.catalina.Connector init
INFO : Initializing ProtocolHandler [http-bio-1219]
08 08, 2020 10:31:41 上午 cn.how2j.mytomcat.catalina.Connector init
INFO : Initializing ProtocolHandler [http-bio-1220]
08 08, 2020 10:31:41 上午 cn.how2j.mytomcat.catalina.Connector init
INFO : Initializing ProtocolHandler [http-bio-1221]
08 08, 2020 10:31:41 上午 cn.how2j.mytomcat.catalina.Service init
INFO : Initialization processed in 0 ms
08 08, 2020 10:31:41 上午 cn.how2j.mytomcat.catalina.Connector start
INFO : Starting ProtocolHandler [http-bio-1219]
08 08, 2020 10:31:41 上午 cn.how2j.mytomcat.catalina.Connector start
INFO : Starting ProtocolHandler [http-bio-1220]
08 08, 2020 10:31:41 上午 cn.how2j.mytomcat.catalina.Connector start
INFO : Starting ProtocolHandler [http-bio-1221]
08 08, 2020 10:31:41 上午 cn.how2j.mytomcat.catalina.Server start
INFO : Server startup in 71 ms
08 08, 2020 10:31:45 上午 cn.how2j.mytomcat.catalina.Context deploy
INFO : Deploying web application directory D:\project\mytomcat\webapps\a
08 08, 2020 10:31:45 上午 cn.how2j.mytomcat.catalina.Context deploy
INFO : Deployment of web application directory D:\project\mytomcat\webapps\a has finished in 9 ms
08 08, 2020 10:31:45 上午 cn.how2j.mytomcat.catalina.Context deploy
INFO : Deploying web application directory D:\project\mytomcat\webapps\ROOT
08 08, 2020 10:31:45 上午 cn.how2j.mytomcat.catalina.Context deploy
INFO : Deployment of web application directory D:\project\mytomcat\webapps\ROOT has finished in 1 ms
08 08, 2020 10:31:45 上午 cn.how2j.mytomcat.catalina.Context deploy
INFO : Deploying web application directory d:/project/mytomcat/b
08 08, 2020 10:31:45 上午 cn.how2j.mytomcat.catalina.Context deploy
INFO : Deployment of web application directory d:/project/mytomcat/b has finished in 0 ms
08 08, 2020 10:31:45 上午 cn.how2j.mytomcat.catalina.Context deploy
INFO : Deploying web application directory d:/project/myjava/web
08 08, 2020 10:33:18 上午 cn.how2j.mytomcat.catalina.Server logJVM
INFO : Server version:		How2J myTomcat/1.0.1
08 08, 2020 10:33:18 上午 cn.how2j.mytomcat.catalina.Server logJVM
INFO : Server built:		2020-04-08 10:20:22
08 08, 2020 10:33:18 上午 cn.how2j.mytomcat.catalina.Server logJVM
INFO : Server number:		1.0.1
08 08, 2020 10:33:18 上午 cn.how2j.mytomcat.catalina.Server logJVM
INFO : OS Name	:		Windows 8.1
08 08, 2020 10:33:18 上午 cn.how2j.mytomcat.catalina.Server logJVM
INFO : OS Version:		6.3
08 08, 2020 10:33:18 上午 cn.how2j.mytomcat.catalina.Server logJVM
INFO : Architecture:		amd64
08 08, 2020 10:33:18 上午 cn.how2j.mytomcat.catalina.Server logJVM
INFO : Java Home:		C:\Program Files\Java\jdk1.8.0_45\jre
08 08, 2020 10:33:18 上午 cn.how2j.mytomcat.catalina.Server logJVM
INFO : JVM Version:		1.8.0_45-b14
08 08, 2020 10:33:18 上午 cn.how2j.mytomcat.catalina.Server logJVM
INFO : JVM Vendor:		Oracle Corporation
08 08, 2020 10:33:18 上午 cn.how2j.mytomcat.catalina.Connector init
INFO : Initializing ProtocolHandler [http-bio-1219]
08 08, 2020 10:33:18 上午 cn.how2j.mytomcat.catalina.Connector init
INFO : Initializing ProtocolHandler [http-bio-1220]
08 08, 2020 10:33:18 上午 cn.how2j.mytomcat.catalina.Connector init
INFO : Initializing ProtocolHandler [http-bio-1221]
08 08, 2020 10:33:18 上午 cn.how2j.mytomcat.catalina.Service init
INFO : Initialization processed in 1 ms
08 08, 2020 10:33:18 上午 cn.how2j.mytomcat.catalina.Connector start
INFO : Starting ProtocolHandler [http-bio-1219]
08 08, 2020 10:33:18 上午 cn.how2j.mytomcat.catalina.Connector start
INFO : Starting ProtocolHandler [http-bio-1220]
08 08, 2020 10:33:18 上午 cn.how2j.mytomcat.catalina.Connector start
INFO : Starting ProtocolHandler [http-bio-1221]
08 08, 2020 10:33:18 上午 cn.how2j.mytomcat.catalina.Server start
INFO : Server startup in 70 ms
08 08, 2020 10:33:21 上午 cn.how2j.mytomcat.catalina.Context deploy
INFO : Deploying web application directory D:\project\mytomcat\webapps\a
08 08, 2020 10:33:21 上午 cn.how2j.mytomcat.catalina.Context deploy
INFO : Deployment of web application directory D:\project\mytomcat\webapps\a has finished in 12 ms
08 08, 2020 10:33:21 上午 cn.how2j.mytomcat.catalina.Context deploy
INFO : Deploying web application directory D:\project\mytomcat\webapps\ROOT
08 08, 2020 10:33:21 上午 cn.how2j.mytomcat.catalina.Context deploy
INFO : Deployment of web application directory D:\project\mytomcat\webapps\ROOT has finished in 1 ms
08 08, 2020 10:33:21 上午 cn.how2j.mytomcat.catalina.Context deploy
INFO : Deploying web application directory d:/project/mytomcat/b
08 08, 2020 10:33:21 上午 cn.how2j.mytomcat.catalina.Context deploy
INFO : Deployment of web application directory d:/project/mytomcat/b has finished in 0 ms
08 08, 2020 10:33:21 上午 cn.how2j.mytomcat.catalina.Context deploy
INFO : Deploying web application directory d:/project/myjava/web
08 08, 2020 10:33:21 上午 cn.how2j.mytomcat.catalina.Context deploy
INFO : Deployment of web application directory d:/project/myjava/web has finished in 3 ms
08 08, 2020 10:33:21 上午 cn.how2j.mytomcat.catalina.Context deploy
INFO : Deploying web application directory D:\project\mytomcat\webapps\a
08 08, 2020 10:33:21 上午 cn.how2j.mytomcat.catalina.Context deploy
INFO : Deployment of web application directory D:\project\mytomcat\webapps\a has finished in 0 ms
08 08, 2020 10:33:21 上午 cn.how2j.mytomcat.catalina.Context deploy
INFO : Deploying web application directory D:\project\mytomcat\webapps\ROOT
08 08, 2020 10:33:21 上午 cn.how2j.mytomcat.catalina.Context deploy
INFO : Deployment of web application directory D:\project\mytomcat\webapps\ROOT has finished in 0 ms
08 08, 2020 10:33:21 上午 cn.how2j.mytomcat.catalina.Context deploy
INFO : Deploying web application directory d:/project/mytomcat/b
08 08, 2020 10:33:21 上午 cn.how2j.mytomcat.catalina.Context deploy
INFO : Deployment of web application directory d:/project/mytomcat/b has finished in 0 ms
08 08, 2020 10:33:21 上午 cn.how2j.mytomcat.catalina.Context deploy
INFO : Deploying web application directory d:/project/myjava/web
08 08, 2020 10:33:21 上午 cn.how2j.mytomcat.catalina.Context deploy
INFO : Deployment of web application directory d:/project/myjava/web has finished in 3 ms
08 08, 2020 10:42:56 上午 cn.how2j.mytomcat.catalina.Server logJVM
INFO : Server version:		How2J myTomcat/1.0.1
08 08, 2020 10:42:56 上午 cn.how2j.mytomcat.catalina.Server logJVM
INFO : Server built:		2020-04-08 10:20:22
08 08, 2020 10:42:56 上午 cn.how2j.mytomcat.catalina.Server logJVM
INFO : Server number:		1.0.1
08 08, 2020 10:42:56 上午 cn.how2j.mytomcat.catalina.Server logJVM
INFO : OS Name	:		Windows 8.1
08 08, 2020 10:42:56 上午 cn.how2j.mytomcat.catalina.Server logJVM
INFO : OS Version:		6.3
08 08, 2020 10:42:56 上午 cn.how2j.mytomcat.catalina.Server logJVM
INFO : Architecture:		amd64
08 08, 2020 10:42:56 上午 cn.how2j.mytomcat.catalina.Server logJVM
INFO : Java Home:		C:\Program Files\Java\jdk1.8.0_45\jre
08 08, 2020 10:42:56 上午 cn.how2j.mytomcat.catalina.Server logJVM
INFO : JVM Version:		1.8.0_45-b14
08 08, 2020 10:42:56 上午 cn.how2j.mytomcat.catalina.Server logJVM
INFO : JVM Vendor:		Oracle Corporation
08 08, 2020 10:42:56 上午 cn.how2j.mytomcat.catalina.Connector init
INFO : Initializing ProtocolHandler [http-bio-1219]
08 08, 2020 10:42:56 上午 cn.how2j.mytomcat.catalina.Connector init
INFO : Initializing ProtocolHandler [http-bio-1220]
08 08, 2020 10:42:56 上午 cn.how2j.mytomcat.catalina.Connector init
INFO : Initializing ProtocolHandler [http-bio-1221]
08 08, 2020 10:42:56 上午 cn.how2j.mytomcat.catalina.Service init
INFO : Initialization processed in 0 ms
08 08, 2020 10:42:56 上午 cn.how2j.mytomcat.catalina.Connector start
INFO : Starting ProtocolHandler [http-bio-1219]
08 08, 2020 10:42:56 上午 cn.how2j.mytomcat.catalina.Connector start
INFO : Starting ProtocolHandler [http-bio-1220]
08 08, 2020 10:42:56 上午 cn.how2j.mytomcat.catalina.Connector start
INFO : Starting ProtocolHandler [http-bio-1221]
08 08, 2020 10:42:56 上午 cn.how2j.mytomcat.catalina.Server start
INFO : Server startup in 68 ms
08 08, 2020 10:42:59 上午 cn.how2j.mytomcat.catalina.Context deploy
INFO : Deploying web application directory D:\project\mytomcat\webapps\a
08 08, 2020 10:42:59 上午 cn.how2j.mytomcat.catalina.Context deploy
INFO : Deployment of web application directory D:\project\mytomcat\webapps\a has finished in 8 ms
08 08, 2020 10:42:59 上午 cn.how2j.mytomcat.catalina.Context deploy
INFO : Deploying web application directory D:\project\mytomcat\webapps\ROOT
08 08, 2020 10:42:59 上午 cn.how2j.mytomcat.catalina.Context deploy
INFO : Deployment of web application directory D:\project\mytomcat\webapps\ROOT has finished in 1 ms
08 08, 2020 10:42:59 上午 cn.how2j.mytomcat.catalina.Context deploy
INFO : Deploying web application directory d:/project/mytomcat/b
08 08, 2020 10:42:59 上午 cn.how2j.mytomcat.catalina.Context deploy
INFO : Deployment of web application directory d:/project/mytomcat/b has finished in 0 ms
08 08, 2020 10:42:59 上午 cn.how2j.mytomcat.catalina.Context deploy
INFO : Deploying web application directory d:/project/myjava/web
08 08, 2020 10:42:59 上午 cn.how2j.mytomcat.catalina.Context deploy
INFO : Deployment of web application directory d:/project/myjava/web has finished in 3 ms
08 08, 2020 10:42:59 上午 cn.how2j.mytomcat.catalina.Context deploy
INFO : Deploying web application directory D:\project\mytomcat\webapps\a
08 08, 2020 10:42:59 上午 cn.how2j.mytomcat.catalina.Context deploy
INFO : Deployment of web application directory D:\project\mytomcat\webapps\a has finished in 0 ms
08 08, 2020 10:42:59 上午 cn.how2j.mytomcat.catalina.Context deploy
INFO : Deploying web application directory D:\project\mytomcat\webapps\ROOT
08 08, 2020 10:42:59 上午 cn.how2j.mytomcat.catalina.Context deploy
INFO : Deployment of web application directory D:\project\mytomcat\webapps\ROOT has finished in 0 ms
08 08, 2020 10:42:59 上午 cn.how2j.mytomcat.catalina.Context deploy
INFO : Deploying web application directory d:/project/mytomcat/b
08 08, 2020 10:42:59 上午 cn.how2j.mytomcat.catalina.Context deploy
INFO : Deployment of web application directory d:/project/mytomcat/b has finished in 1 ms
08 08, 2020 10:42:59 上午 cn.how2j.mytomcat.catalina.Context deploy
INFO : Deploying web application directory d:/project/myjava/web
08 08, 2020 10:42:59 上午 cn.how2j.mytomcat.catalina.Context deploy
INFO : Deployment of web application directory d:/project/myjava/web has finished in 4 ms
08 08, 2020 10:44:29 上午 cn.how2j.mytomcat.catalina.Server logJVM
INFO : Server version:		How2J myTomcat/1.0.1
08 08, 2020 10:44:29 上午 cn.how2j.mytomcat.catalina.Server logJVM
INFO : Server built:		2020-04-08 10:20:22
08 08, 2020 10:44:29 上午 cn.how2j.mytomcat.catalina.Server logJVM
INFO : Server number:		1.0.1
08 08, 2020 10:44:29 上午 cn.how2j.mytomcat.catalina.Server logJVM
INFO : OS Name	:		Windows 8.1
08 08, 2020 10:44:29 上午 cn.how2j.mytomcat.catalina.Server logJVM
INFO : OS Version:		6.3
08 08, 2020 10:44:29 上午 cn.how2j.mytomcat.catalina.Server logJVM
INFO : Architecture:		amd64
08 08, 2020 10:44:29 上午 cn.how2j.mytomcat.catalina.Server logJVM
INFO : Java Home:		C:\Program Files\Java\jdk1.8.0_45\jre
08 08, 2020 10:44:29 上午 cn.how2j.mytomcat.catalina.Server logJVM
INFO : JVM Version:		1.8.0_45-b14
08 08, 2020 10:44:29 上午 cn.how2j.mytomcat.catalina.Server logJVM
INFO : JVM Vendor:		Oracle Corporation
08 08, 2020 10:44:29 上午 cn.how2j.mytomcat.catalina.Connector init
INFO : Initializing ProtocolHandler [http-bio-1219]
08 08, 2020 10:44:29 上午 cn.how2j.mytomcat.catalina.Connector init
INFO : Initializing ProtocolHandler [http-bio-1220]
08 08, 2020 10:44:29 上午 cn.how2j.mytomcat.catalina.Connector init
INFO : Initializing ProtocolHandler [http-bio-1221]
08 08, 2020 10:44:29 上午 cn.how2j.mytomcat.catalina.Service init
INFO : Initialization processed in 1 ms
08 08, 2020 10:44:29 上午 cn.how2j.mytomcat.catalina.Connector start
INFO : Starting ProtocolHandler [http-bio-1219]
08 08, 2020 10:44:29 上午 cn.how2j.mytomcat.catalina.Connector start
INFO : Starting ProtocolHandler [http-bio-1220]
08 08, 2020 10:44:29 上午 cn.how2j.mytomcat.catalina.Connector start
INFO : Starting ProtocolHandler [http-bio-1221]
08 08, 2020 10:44:29 上午 cn.how2j.mytomcat.catalina.Server start
INFO : Server startup in 67 ms
08 08, 2020 10:44:32 上午 cn.how2j.mytomcat.catalina.Context deploy
INFO : Deploying web application directory D:\project\mytomcat\webapps\a
08 08, 2020 10:44:32 上午 cn.how2j.mytomcat.catalina.Context deploy
INFO : Deployment of web application directory D:\project\mytomcat\webapps\a has finished in 9 ms
08 08, 2020 10:44:32 上午 cn.how2j.mytomcat.catalina.Context deploy
INFO : Deploying web application directory D:\project\mytomcat\webapps\ROOT
08 08, 2020 10:44:32 上午 cn.how2j.mytomcat.catalina.Context deploy
INFO : Deployment of web application directory D:\project\mytomcat\webapps\ROOT has finished in 1 ms
08 08, 2020 10:44:32 上午 cn.how2j.mytomcat.catalina.Context deploy
INFO : Deploying web application directory d:/project/mytomcat/b
08 08, 2020 10:44:32 上午 cn.how2j.mytomcat.catalina.Context deploy
INFO : Deployment of web application directory d:/project/mytomcat/b has finished in 0 ms
08 08, 2020 10:44:32 上午 cn.how2j.mytomcat.catalina.Context deploy
INFO : Deploying web application directory d:/project/myjava/web
08 08, 2020 10:44:32 上午 cn.how2j.mytomcat.catalina.Context deploy
INFO : Deployment of web application directory d:/project/myjava/web has finished in 6 ms
08 08, 2020 10:44:32 上午 cn.how2j.mytomcat.catalina.Context deploy
INFO : Deploying web application directory D:\project\mytomcat\webapps\a
08 08, 2020 10:44:32 上午 cn.how2j.mytomcat.catalina.Context deploy
INFO : Deployment of web application directory D:\project\mytomcat\webapps\a has finished in 1 ms
08 08, 2020 10:44:32 上午 cn.how2j.mytomcat.catalina.Context deploy
INFO : Deploying web application directory D:\project\mytomcat\webapps\ROOT
08 08, 2020 10:44:32 上午 cn.how2j.mytomcat.catalina.Context deploy
INFO : Deployment of web application directory D:\project\mytomcat\webapps\ROOT has finished in 1 ms
08 08, 2020 10:44:32 上午 cn.how2j.mytomcat.catalina.Context deploy
INFO : Deploying web application directory d:/project/mytomcat/b
08 08, 2020 10:44:32 上午 cn.how2j.mytomcat.catalina.Context deploy
INFO : Deployment of web application directory d:/project/mytomcat/b has finished in 0 ms
08 08, 2020 10:44:32 上午 cn.how2j.mytomcat.catalina.Context deploy
INFO : Deploying web application directory d:/project/myjava/web
08 08, 2020 10:44:32 上午 cn.how2j.mytomcat.catalina.Context deploy
INFO : Deployment of web application directory d:/project/myjava/web has finished in 3 ms
08 08, 2020 10:46:03 上午 cn.how2j.mytomcat.catalina.Server logJVM
INFO : Server version:		How2J myTomcat/1.0.1
08 08, 2020 10:46:03 上午 cn.how2j.mytomcat.catalina.Server logJVM
INFO : Server built:		2020-04-08 10:20:22
08 08, 2020 10:46:03 上午 cn.how2j.mytomcat.catalina.Server logJVM
INFO : Server number:		1.0.1
08 08, 2020 10:46:03 上午 cn.how2j.mytomcat.catalina.Server logJVM
INFO : OS Name	:		Windows 8.1
08 08, 2020 10:46:03 上午 cn.how2j.mytomcat.catalina.Server logJVM
INFO : OS Version:		6.3
08 08, 2020 10:46:03 上午 cn.how2j.mytomcat.catalina.Server logJVM
INFO : Architecture:		amd64
08 08, 2020 10:46:03 上午 cn.how2j.mytomcat.catalina.Server logJVM
INFO : Java Home:		C:\Program Files\Java\jdk1.8.0_45\jre
08 08, 2020 10:46:03 上午 cn.how2j.mytomcat.catalina.Server logJVM
INFO : JVM Version:		1.8.0_45-b14
08 08, 2020 10:46:03 上午 cn.how2j.mytomcat.catalina.Server logJVM
INFO : JVM Vendor:		Oracle Corporation
08 08, 2020 10:46:03 上午 cn.how2j.mytomcat.catalina.Connector init
INFO : Initializing ProtocolHandler [http-bio-1219]
08 08, 2020 10:46:03 上午 cn.how2j.mytomcat.catalina.Connector init
INFO : Initializing ProtocolHandler [http-bio-1220]
08 08, 2020 10:46:03 上午 cn.how2j.mytomcat.catalina.Connector init
INFO : Initializing ProtocolHandler [http-bio-1221]
08 08, 2020 10:46:03 上午 cn.how2j.mytomcat.catalina.Service init
INFO : Initialization processed in 1 ms
08 08, 2020 10:46:03 上午 cn.how2j.mytomcat.catalina.Connector start
INFO : Starting ProtocolHandler [http-bio-1219]
08 08, 2020 10:46:03 上午 cn.how2j.mytomcat.catalina.Connector start
INFO : Starting ProtocolHandler [http-bio-1220]
08 08, 2020 10:46:03 上午 cn.how2j.mytomcat.catalina.Connector start
INFO : Starting ProtocolHandler [http-bio-1221]
08 08, 2020 10:46:03 上午 cn.how2j.mytomcat.catalina.Server start
INFO : Server startup in 68 ms
08 08, 2020 10:46:06 上午 cn.how2j.mytomcat.catalina.Context deploy
INFO : Deploying web application directory D:\project\mytomcat\webapps\a
08 08, 2020 10:46:06 上午 cn.how2j.mytomcat.catalina.Context deploy
INFO : Deployment of web application directory D:\project\mytomcat\webapps\a has finished in 9 ms
08 08, 2020 10:46:06 上午 cn.how2j.mytomcat.catalina.Context deploy
INFO : Deploying web application directory D:\project\mytomcat\webapps\ROOT
08 08, 2020 10:46:06 上午 cn.how2j.mytomcat.catalina.Context deploy
INFO : Deployment of web application directory D:\project\mytomcat\webapps\ROOT has finished in 0 ms
08 08, 2020 10:46:06 上午 cn.how2j.mytomcat.catalina.Context deploy
INFO : Deploying web application directory d:/project/mytomcat/b
08 08, 2020 10:46:06 上午 cn.how2j.mytomcat.catalina.Context deploy
INFO : Deployment of web application directory d:/project/mytomcat/b has finished in 0 ms
08 08, 2020 10:46:06 上午 cn.how2j.mytomcat.catalina.Context deploy
INFO : Deploying web application directory d:/project/myjava/web
08 08, 2020 10:46:06 上午 cn.how2j.mytomcat.catalina.Context deploy
INFO : Deployment of web application directory d:/project/myjava/web has finished in 7 ms
08 08, 2020 10:46:06 上午 cn.how2j.mytomcat.catalina.Context deploy
INFO : Deploying web application directory D:\project\mytomcat\webapps\a
08 08, 2020 10:46:06 上午 cn.how2j.mytomcat.catalina.Context deploy
INFO : Deployment of web application directory D:\project\mytomcat\webapps\a has finished in 0 ms
08 08, 2020 10:46:06 上午 cn.how2j.mytomcat.catalina.Context deploy
INFO : Deploying web application directory D:\project\mytomcat\webapps\ROOT
08 08, 2020 10:46:06 上午 cn.how2j.mytomcat.catalina.Context deploy
INFO : Deployment of web application directory D:\project\mytomcat\webapps\ROOT has finished in 1 ms
08 08, 2020 10:46:06 上午 cn.how2j.mytomcat.catalina.Context deploy
INFO : Deploying web application directory d:/project/mytomcat/b
08 08, 2020 10:46:06 上午 cn.how2j.mytomcat.catalina.Context deploy
INFO : Deployment of web application directory d:/project/mytomcat/b has finished in 0 ms
08 08, 2020 10:46:06 上午 cn.how2j.mytomcat.catalina.Context deploy
INFO : Deploying web application directory d:/project/myjava/web
08 08, 2020 10:46:06 上午 cn.how2j.mytomcat.catalina.Context deploy
INFO : Deployment of web application directory d:/project/myjava/web has finished in 3 ms
08 08, 2020 11:06:17 上午 cn.how2j.mytomcat.catalina.Server logJVM
INFO : Server version:		How2J myTomcat/1.0.1
08 08, 2020 11:06:17 上午 cn.how2j.mytomcat.catalina.Server logJVM
INFO : Server built:		2020-04-08 10:20:22
08 08, 2020 11:06:17 上午 cn.how2j.mytomcat.catalina.Server logJVM
INFO : Server number:		1.0.1
08 08, 2020 11:06:17 上午 cn.how2j.mytomcat.catalina.Server logJVM
INFO : OS Name	:		Windows 8.1
08 08, 2020 11:06:17 上午 cn.how2j.mytomcat.catalina.Server logJVM
INFO : OS Version:		6.3
08 08, 2020 11:06:17 上午 cn.how2j.mytomcat.catalina.Server logJVM
INFO : Architecture:		amd64
08 08, 2020 11:06:17 上午 cn.how2j.mytomcat.catalina.Server logJVM
INFO : Java Home:		C:\Program Files\Java\jdk1.8.0_45\jre
08 08, 2020 11:06:17 上午 cn.how2j.mytomcat.catalina.Server logJVM
INFO : JVM Version:		1.8.0_45-b14
08 08, 2020 11:06:17 上午 cn.how2j.mytomcat.catalina.Server logJVM
INFO : JVM Vendor:		Oracle Corporation
08 08, 2020 11:06:17 上午 cn.how2j.mytomcat.catalina.Connector init
INFO : Initializing ProtocolHandler [http-bio-1219]
08 08, 2020 11:06:17 上午 cn.how2j.mytomcat.catalina.Connector init
INFO : Initializing ProtocolHandler [http-bio-1220]
08 08, 2020 11:06:17 上午 cn.how2j.mytomcat.catalina.Connector init
INFO : Initializing ProtocolHandler [http-bio-1221]
08 08, 2020 11:06:17 上午 cn.how2j.mytomcat.catalina.Service init
INFO : Initialization processed in 1 ms
08 08, 2020 11:06:17 上午 cn.how2j.mytomcat.catalina.Connector start
INFO : Starting ProtocolHandler [http-bio-1219]
08 08, 2020 11:06:17 上午 cn.how2j.mytomcat.catalina.Connector start
INFO : Starting ProtocolHandler [http-bio-1220]
08 08, 2020 11:06:17 上午 cn.how2j.mytomcat.catalina.Connector start
INFO : Starting ProtocolHandler [http-bio-1221]
08 08, 2020 11:06:17 上午 cn.how2j.mytomcat.catalina.Server start
INFO : Server startup in 69 ms
08 08, 2020 11:06:21 上午 cn.how2j.mytomcat.catalina.Context deploy
INFO : Deploying web application directory D:\project\mytomcat\webapps\a
08 08, 2020 11:06:21 上午 cn.how2j.mytomcat.catalina.Context deploy
INFO : Deployment of web application directory D:\project\mytomcat\webapps\a has finished in 15 ms
08 08, 2020 11:06:21 上午 cn.how2j.mytomcat.catalina.Context deploy
INFO : Deploying web application directory D:\project\mytomcat\webapps\ROOT
08 08, 2020 11:06:21 上午 cn.how2j.mytomcat.catalina.Context deploy
INFO : Deployment of web application directory D:\project\mytomcat\webapps\ROOT has finished in 1 ms
08 08, 2020 11:06:21 上午 cn.how2j.mytomcat.catalina.Context deploy
INFO : Deploying web application directory d:/project/mytomcat/b
08 08, 2020 11:06:21 上午 cn.how2j.mytomcat.catalina.Context deploy
INFO : Deployment of web application directory d:/project/mytomcat/b has finished in 0 ms
08 08, 2020 11:06:21 上午 cn.how2j.mytomcat.catalina.Context deploy
INFO : Deploying web application directory d:/project/myjava/web
08 08, 2020 11:06:21 上午 cn.how2j.mytomcat.catalina.Context deploy
INFO : Deployment of web application directory d:/project/myjava/web has finished in 3 ms
08 08, 2020 11:06:21 上午 cn.how2j.mytomcat.catalina.Context deploy
INFO : Deploying web application directory D:\project\mytomcat\webapps\a
08 08, 2020 11:06:21 上午 cn.how2j.mytomcat.catalina.Context deploy
INFO : Deployment of web application directory D:\project\mytomcat\webapps\a has finished in 0 ms
08 08, 2020 11:06:21 上午 cn.how2j.mytomcat.catalina.Context deploy
INFO : Deploying web application directory D:\project\mytomcat\webapps\ROOT
08 08, 2020 11:06:21 上午 cn.how2j.mytomcat.catalina.Context deploy
INFO : Deployment of web application directory D:\project\mytomcat\webapps\ROOT has finished in 0 ms
08 08, 2020 11:06:21 上午 cn.how2j.mytomcat.catalina.Context deploy
INFO : Deploying web application directory d:/project/mytomcat/b
08 08, 2020 11:06:21 上午 cn.how2j.mytomcat.catalina.Context deploy
INFO : Deployment of web application directory d:/project/mytomcat/b has finished in 0 ms
08 08, 2020 11:06:21 上午 cn.how2j.mytomcat.catalina.Context deploy
INFO : Deploying web application directory d:/project/myjava/web
08 08, 2020 11:06:21 上午 cn.how2j.mytomcat.catalina.Context deploy
INFO : Deployment of web application directory d:/project/myjava/web has finished in 3 ms
