08 12, 2020 11:29:49 ‰∏äÂçà cn.how2j.mytomcat.catalina.Server logJVM
INFO : Server version:		How2J myTomcat/1.0.1
08 12, 2020 11:29:49 ‰∏äÂçà cn.how2j.mytomcat.catalina.Server logJVM
INFO : Server built:		2020-04-08 10:20:22
08 12, 2020 11:29:49 ‰∏äÂçà cn.how2j.mytomcat.catalina.Server logJVM
INFO : Server number:		1.0.1
08 12, 2020 11:29:49 ‰∏äÂçà cn.how2j.mytomcat.catalina.Server logJVM
INFO : OS Name	:		Windows 8.1
08 12, 2020 11:29:49 ‰∏äÂçà cn.how2j.mytomcat.catalina.Server logJVM
INFO : OS Version:		6.3
08 12, 2020 11:29:49 ‰∏äÂçà cn.how2j.mytomcat.catalina.Server logJVM
INFO : Architecture:		amd64
08 12, 2020 11:29:49 ‰∏äÂçà cn.how2j.mytomcat.catalina.Server logJVM
INFO : Java Home:		C:\Program Files\Java\jdk1.8.0_45\jre
08 12, 2020 11:29:49 ‰∏äÂçà cn.how2j.mytomcat.catalina.Server logJVM
INFO : JVM Version:		1.8.0_45-b14
08 12, 2020 11:29:49 ‰∏äÂçà cn.how2j.mytomcat.catalina.Server logJVM
INFO : JVM Vendor:		Oracle Corporation
08 12, 2020 11:29:49 ‰∏äÂçà cn.how2j.mytomcat.catalina.Connector init
INFO : Initializing ProtocolHandler [http-bio-1219]
08 12, 2020 11:29:49 ‰∏äÂçà cn.how2j.mytomcat.catalina.Connector init
INFO : Initializing ProtocolHandler [http-bio-1220]
08 12, 2020 11:29:49 ‰∏äÂçà cn.how2j.mytomcat.catalina.Connector init
INFO : Initializing ProtocolHandler [http-bio-1221]
08 12, 2020 11:29:49 ‰∏äÂçà cn.how2j.mytomcat.catalina.Service init
INFO : Initialization processed in 1 ms
08 12, 2020 11:29:49 ‰∏äÂçà cn.how2j.mytomcat.catalina.Connector start
INFO : Starting ProtocolHandler [http-bio-1219]
08 12, 2020 11:29:49 ‰∏äÂçà cn.how2j.mytomcat.catalina.Connector start
INFO : Starting ProtocolHandler [http-bio-1220]
08 12, 2020 11:29:49 ‰∏äÂçà cn.how2j.mytomcat.catalina.Connector start
INFO : Starting ProtocolHandler [http-bio-1221]
08 12, 2020 11:29:49 ‰∏äÂçà cn.how2j.mytomcat.catalina.Server start
INFO : Server startup in 131 ms
08 12, 2020 11:31:36 ‰∏äÂçà cn.how2j.mytomcat.catalina.Context deploy
INFO : Deploying web application directory D:\project\mytomcat\webapps\a
08 12, 2020 11:31:36 ‰∏äÂçà cn.how2j.mytomcat.catalina.Context deploy
INFO : Deployment of web application directory D:\project\mytomcat\webapps\a has finished in 15 ms
08 12, 2020 11:31:36 ‰∏äÂçà cn.how2j.mytomcat.catalina.Context deploy
INFO : Deploying web application directory D:\project\mytomcat\webapps\ROOT
08 12, 2020 11:31:36 ‰∏äÂçà cn.how2j.mytomcat.catalina.Context deploy
INFO : Deployment of web application directory D:\project\mytomcat\webapps\ROOT has finished in 1 ms
08 12, 2020 11:31:36 ‰∏äÂçà cn.how2j.mytomcat.catalina.Context deploy
INFO : Deploying web application directory d:/project/mytomcat/b
08 12, 2020 11:31:36 ‰∏äÂçà cn.how2j.mytomcat.catalina.Context deploy
INFO : Deployment of web application directory d:/project/mytomcat/b has finished in 0 ms
08 12, 2020 11:31:36 ‰∏äÂçà cn.how2j.mytomcat.catalina.Context deploy
INFO : Deploying web application directory d:/project/myjava/web
08 12, 2020 11:31:36 ‰∏äÂçà cn.how2j.mytomcat.catalina.Context deploy
INFO : Deployment of web application directory d:/project/myjava/web has finished in 5 ms
08 12, 2020 11:31:36 ‰∏äÂçà cn.how2j.mytomcat.catalina.Context deploy
INFO : Deploying web application directory D:\project\mytomcat\webapps\a
08 12, 2020 11:31:36 ‰∏äÂçà cn.how2j.mytomcat.catalina.Context deploy
INFO : Deployment of web application directory D:\project\mytomcat\webapps\a has finished in 1 ms
08 12, 2020 11:31:36 ‰∏äÂçà cn.how2j.mytomcat.catalina.Context deploy
INFO : Deploying web application directory D:\project\mytomcat\webapps\ROOT
08 12, 2020 11:31:36 ‰∏äÂçà cn.how2j.mytomcat.catalina.Context deploy
INFO : Deployment of web application directory D:\project\mytomcat\webapps\ROOT has finished in 1 ms
08 12, 2020 11:31:36 ‰∏äÂçà cn.how2j.mytomcat.catalina.Context deploy
INFO : Deploying web application directory d:/project/mytomcat/b
08 12, 2020 11:31:36 ‰∏äÂçà cn.how2j.mytomcat.catalina.Context deploy
INFO : Deployment of web application directory d:/project/mytomcat/b has finished in 0 ms
08 12, 2020 11:31:36 ‰∏äÂçà cn.how2j.mytomcat.catalina.Context deploy
INFO : Deploying web application directory d:/project/myjava/web
08 12, 2020 11:31:36 ‰∏äÂçà cn.how2j.mytomcat.catalina.Context deploy
INFO : Deployment of web application directory d:/project/myjava/web has finished in 2 ms
08 12, 2020 11:32:49 ‰∏äÂçà cn.how2j.mytomcat.catalina.Context deploy
INFO : Deploying web application directory D:\project\mytomcat\webapps\a
08 12, 2020 11:32:49 ‰∏äÂçà cn.how2j.mytomcat.catalina.Context deploy
INFO : Deployment of web application directory D:\project\mytomcat\webapps\a has finished in 0 ms
08 12, 2020 11:32:49 ‰∏äÂçà cn.how2j.mytomcat.catalina.Context deploy
INFO : Deploying web application directory D:\project\mytomcat\webapps\ROOT
08 12, 2020 11:32:49 ‰∏äÂçà cn.how2j.mytomcat.catalina.Context deploy
INFO : Deployment of web application directory D:\project\mytomcat\webapps\ROOT has finished in 0 ms
08 12, 2020 11:32:49 ‰∏äÂçà cn.how2j.mytomcat.catalina.Context deploy
INFO : Deploying web application directory d:/project/mytomcat/b
08 12, 2020 11:32:49 ‰∏äÂçà cn.how2j.mytomcat.catalina.Context deploy
INFO : Deployment of web application directory d:/project/mytomcat/b has finished in 0 ms
08 12, 2020 11:32:49 ‰∏äÂçà cn.how2j.mytomcat.catalina.Context deploy
INFO : Deploying web application directory d:/project/myjava/web
08 12, 2020 11:32:49 ‰∏äÂçà cn.how2j.mytomcat.catalina.Context deploy
INFO : Deployment of web application directory d:/project/myjava/web has finished in 2 ms
08 12, 2020 11:32:49 ‰∏äÂçà cn.how2j.mytomcat.catalina.Context deploy
INFO : Deploying web application directory D:\project\mytomcat\webapps\a
08 12, 2020 11:32:49 ‰∏äÂçà cn.how2j.mytomcat.catalina.Context deploy
INFO : Deployment of web application directory D:\project\mytomcat\webapps\a has finished in 0 ms
08 12, 2020 11:32:49 ‰∏äÂçà cn.how2j.mytomcat.catalina.Context deploy
INFO : Deploying web application directory D:\project\mytomcat\webapps\ROOT
08 12, 2020 11:32:49 ‰∏äÂçà cn.how2j.mytomcat.catalina.Context deploy
INFO : Deployment of web application directory D:\project\mytomcat\webapps\ROOT has finished in 1 ms
08 12, 2020 11:32:49 ‰∏äÂçà cn.how2j.mytomcat.catalina.Context deploy
INFO : Deploying web application directory d:/project/mytomcat/b
08 12, 2020 11:32:49 ‰∏äÂçà cn.how2j.mytomcat.catalina.Context deploy
INFO : Deployment of web application directory d:/project/mytomcat/b has finished in 0 ms
08 12, 2020 11:32:49 ‰∏äÂçà cn.how2j.mytomcat.catalina.Context deploy
INFO : Deploying web application directory d:/project/myjava/web
08 12, 2020 11:32:49 ‰∏äÂçà cn.how2j.mytomcat.catalina.Context deploy
INFO : Deployment of web application directory d:/project/myjava/web has finished in 3 ms
08 12, 2020 11:33:24 ‰∏äÂçà cn.how2j.mytomcat.catalina.Context deploy
INFO : Deploying web application directory D:\project\mytomcat\webapps\a
08 12, 2020 11:33:24 ‰∏äÂçà cn.how2j.mytomcat.catalina.Context deploy
INFO : Deployment of web application directory D:\project\mytomcat\webapps\a has finished in 0 ms
08 12, 2020 11:33:24 ‰∏äÂçà cn.how2j.mytomcat.catalina.Context deploy
INFO : Deploying web application directory D:\project\mytomcat\webapps\ROOT
08 12, 2020 11:33:24 ‰∏äÂçà cn.how2j.mytomcat.catalina.Context deploy
INFO : Deployment of web application directory D:\project\mytomcat\webapps\ROOT has finished in 1 ms
08 12, 2020 11:33:24 ‰∏äÂçà cn.how2j.mytomcat.catalina.Context deploy
INFO : Deploying web application directory d:/project/mytomcat/b
08 12, 2020 11:33:24 ‰∏äÂçà cn.how2j.mytomcat.catalina.Context deploy
INFO : Deployment of web application directory d:/project/mytomcat/b has finished in 0 ms
08 12, 2020 11:33:24 ‰∏äÂçà cn.how2j.mytomcat.catalina.Context deploy
INFO : Deploying web application directory d:/project/myjava/web
08 12, 2020 11:33:24 ‰∏äÂçà cn.how2j.mytomcat.catalina.Context deploy
INFO : Deployment of web application directory d:/project/myjava/web has finished in 2 ms
08 12, 2020 11:33:24 ‰∏äÂçà cn.how2j.mytomcat.catalina.Context deploy
INFO : Deploying web application directory D:\project\mytomcat\webapps\a
08 12, 2020 11:33:24 ‰∏äÂçà cn.how2j.mytomcat.catalina.Context deploy
INFO : Deployment of web application directory D:\project\mytomcat\webapps\a has finished in 1 ms
08 12, 2020 11:33:24 ‰∏äÂçà cn.how2j.mytomcat.catalina.Context deploy
INFO : Deploying web application directory D:\project\mytomcat\webapps\ROOT
08 12, 2020 11:33:24 ‰∏äÂçà cn.how2j.mytomcat.catalina.Context deploy
INFO : Deployment of web application directory D:\project\mytomcat\webapps\ROOT has finished in 0 ms
08 12, 2020 11:33:24 ‰∏äÂçà cn.how2j.mytomcat.catalina.Context deploy
INFO : Deploying web application directory d:/project/mytomcat/b
08 12, 2020 11:33:24 ‰∏äÂçà cn.how2j.mytomcat.catalina.Context deploy
INFO : Deployment of web application directory d:/project/mytomcat/b has finished in 1 ms
08 12, 2020 11:33:24 ‰∏äÂçà cn.how2j.mytomcat.catalina.Context deploy
INFO : Deploying web application directory d:/project/myjava/web
08 12, 2020 11:33:24 ‰∏äÂçà cn.how2j.mytomcat.catalina.Context deploy
INFO : Deployment of web application directory d:/project/myjava/web has finished in 2 ms
08 12, 2020 11:38:16 ‰∏äÂçà cn.how2j.mytomcat.catalina.Server logJVM
INFO : Server version:		How2J myTomcat/1.0.1
08 12, 2020 11:38:16 ‰∏äÂçà cn.how2j.mytomcat.catalina.Server logJVM
INFO : Server built:		2020-04-08 10:20:22
08 12, 2020 11:38:16 ‰∏äÂçà cn.how2j.mytomcat.catalina.Server logJVM
INFO : Server number:		1.0.1
08 12, 2020 11:38:16 ‰∏äÂçà cn.how2j.mytomcat.catalina.Server logJVM
INFO : OS Name	:		Windows 8.1
08 12, 2020 11:38:16 ‰∏äÂçà cn.how2j.mytomcat.catalina.Server logJVM
INFO : OS Version:		6.3
08 12, 2020 11:38:16 ‰∏äÂçà cn.how2j.mytomcat.catalina.Server logJVM
INFO : Architecture:		amd64
08 12, 2020 11:38:16 ‰∏äÂçà cn.how2j.mytomcat.catalina.Server logJVM
INFO : Java Home:		C:\Program Files\Java\jdk1.8.0_45\jre
08 12, 2020 11:38:16 ‰∏äÂçà cn.how2j.mytomcat.catalina.Server logJVM
INFO : JVM Version:		1.8.0_45-b14
08 12, 2020 11:38:16 ‰∏äÂçà cn.how2j.mytomcat.catalina.Server logJVM
INFO : JVM Vendor:		Oracle Corporation
08 12, 2020 11:38:16 ‰∏äÂçà cn.how2j.mytomcat.catalina.Connector init
INFO : Initializing ProtocolHandler [http-bio-1219]
08 12, 2020 11:38:16 ‰∏äÂçà cn.how2j.mytomcat.catalina.Connector init
INFO : Initializing ProtocolHandler [http-bio-1220]
08 12, 2020 11:38:16 ‰∏äÂçà cn.how2j.mytomcat.catalina.Connector init
INFO : Initializing ProtocolHandler [http-bio-1221]
08 12, 2020 11:38:16 ‰∏äÂçà cn.how2j.mytomcat.catalina.Service init
INFO : Initialization processed in 1 ms
08 12, 2020 11:38:16 ‰∏äÂçà cn.how2j.mytomcat.catalina.Connector start
INFO : Starting ProtocolHandler [http-bio-1219]
08 12, 2020 11:38:16 ‰∏äÂçà cn.how2j.mytomcat.catalina.Connector start
INFO : Starting ProtocolHandler [http-bio-1220]
08 12, 2020 11:38:16 ‰∏äÂçà cn.how2j.mytomcat.catalina.Connector start
INFO : Starting ProtocolHandler [http-bio-1221]
08 12, 2020 11:38:16 ‰∏äÂçà cn.how2j.mytomcat.catalina.Server start
INFO : Server startup in 69 ms
08 12, 2020 11:38:23 ‰∏äÂçà cn.how2j.mytomcat.catalina.Context deploy
INFO : Deploying web application directory D:\project\mytomcat\webapps\a
08 12, 2020 11:38:23 ‰∏äÂçà cn.how2j.mytomcat.catalina.Context deploy
INFO : Deployment of web application directory D:\project\mytomcat\webapps\a has finished in 9 ms
08 12, 2020 11:38:23 ‰∏äÂçà cn.how2j.mytomcat.catalina.Context deploy
INFO : Deploying web application directory D:\project\mytomcat\webapps\ROOT
08 12, 2020 11:38:23 ‰∏äÂçà cn.how2j.mytomcat.catalina.Context deploy
INFO : Deployment of web application directory D:\project\mytomcat\webapps\ROOT has finished in 1 ms
08 12, 2020 11:38:23 ‰∏äÂçà cn.how2j.mytomcat.catalina.Context deploy
INFO : Deploying web application directory d:/project/mytomcat/b
08 12, 2020 11:38:23 ‰∏äÂçà cn.how2j.mytomcat.catalina.Context deploy
INFO : Deployment of web application directory d:/project/mytomcat/b has finished in 1 ms
08 12, 2020 11:38:23 ‰∏äÂçà cn.how2j.mytomcat.catalina.Context deploy
INFO : Deploying web application directory d:/project/myjava/web
08 12, 2020 11:38:23 ‰∏äÂçà cn.how2j.mytomcat.catalina.Context deploy
INFO : Deployment of web application directory d:/project/myjava/web has finished in 5 ms
08 12, 2020 11:38:23 ‰∏äÂçà cn.how2j.mytomcat.catalina.Context deploy
INFO : Deploying web application directory D:\project\mytomcat\webapps\a
08 12, 2020 11:38:23 ‰∏äÂçà cn.how2j.mytomcat.catalina.Context deploy
INFO : Deployment of web application directory D:\project\mytomcat\webapps\a has finished in 1 ms
08 12, 2020 11:38:23 ‰∏äÂçà cn.how2j.mytomcat.catalina.Context deploy
INFO : Deploying web application directory D:\project\mytomcat\webapps\ROOT
08 12, 2020 11:38:23 ‰∏äÂçà cn.how2j.mytomcat.catalina.Context deploy
INFO : Deployment of web application directory D:\project\mytomcat\webapps\ROOT has finished in 0 ms
08 12, 2020 11:38:23 ‰∏äÂçà cn.how2j.mytomcat.catalina.Context deploy
INFO : Deploying web application directory d:/project/mytomcat/b
08 12, 2020 11:38:23 ‰∏äÂçà cn.how2j.mytomcat.catalina.Context deploy
INFO : Deployment of web application directory d:/project/mytomcat/b has finished in 0 ms
08 12, 2020 11:38:23 ‰∏äÂçà cn.how2j.mytomcat.catalina.Context deploy
INFO : Deploying web application directory d:/project/myjava/web
08 12, 2020 11:38:23 ‰∏äÂçà cn.how2j.mytomcat.catalina.Context deploy
INFO : Deployment of web application directory d:/project/myjava/web has finished in 4 ms
08 12, 2020 11:40:42 ‰∏äÂçà cn.how2j.mytomcat.catalina.Server logJVM
INFO : Server version:		How2J myTomcat/1.0.1
08 12, 2020 11:40:42 ‰∏äÂçà cn.how2j.mytomcat.catalina.Server logJVM
INFO : Server built:		2020-04-08 10:20:22
08 12, 2020 11:40:42 ‰∏äÂçà cn.how2j.mytomcat.catalina.Server logJVM
INFO : Server number:		1.0.1
08 12, 2020 11:40:42 ‰∏äÂçà cn.how2j.mytomcat.catalina.Server logJVM
INFO : OS Name	:		Windows 8.1
08 12, 2020 11:40:42 ‰∏äÂçà cn.how2j.mytomcat.catalina.Server logJVM
INFO : OS Version:		6.3
08 12, 2020 11:40:42 ‰∏äÂçà cn.how2j.mytomcat.catalina.Server logJVM
INFO : Architecture:		amd64
08 12, 2020 11:40:42 ‰∏äÂçà cn.how2j.mytomcat.catalina.Server logJVM
INFO : Java Home:		C:\Program Files\Java\jdk1.8.0_45\jre
08 12, 2020 11:40:42 ‰∏äÂçà cn.how2j.mytomcat.catalina.Server logJVM
INFO : JVM Version:		1.8.0_45-b14
08 12, 2020 11:40:42 ‰∏äÂçà cn.how2j.mytomcat.catalina.Server logJVM
INFO : JVM Vendor:		Oracle Corporation
08 12, 2020 11:40:42 ‰∏äÂçà cn.how2j.mytomcat.catalina.Connector init
INFO : Initializing ProtocolHandler [http-bio-1219]
08 12, 2020 11:40:42 ‰∏äÂçà cn.how2j.mytomcat.catalina.Connector init
INFO : Initializing ProtocolHandler [http-bio-1220]
08 12, 2020 11:40:42 ‰∏äÂçà cn.how2j.mytomcat.catalina.Connector init
INFO : Initializing ProtocolHandler [http-bio-1221]
08 12, 2020 11:40:42 ‰∏äÂçà cn.how2j.mytomcat.catalina.Service init
INFO : Initialization processed in 0 ms
08 12, 2020 11:40:42 ‰∏äÂçà cn.how2j.mytomcat.catalina.Connector start
INFO : Starting ProtocolHandler [http-bio-1219]
08 12, 2020 11:40:42 ‰∏äÂçà cn.how2j.mytomcat.catalina.Connector start
INFO : Starting ProtocolHandler [http-bio-1220]
08 12, 2020 11:40:42 ‰∏äÂçà cn.how2j.mytomcat.catalina.Connector start
INFO : Starting ProtocolHandler [http-bio-1221]
08 12, 2020 11:40:42 ‰∏äÂçà cn.how2j.mytomcat.catalina.Server start
INFO : Server startup in 71 ms
08 12, 2020 11:40:50 ‰∏äÂçà cn.how2j.mytomcat.catalina.Context deploy
INFO : Deploying web application directory D:\project\mytomcat\webapps\a
08 12, 2020 11:40:50 ‰∏äÂçà cn.how2j.mytomcat.catalina.Context deploy
INFO : Deployment of web application directory D:\project\mytomcat\webapps\a has finished in 14 ms
08 12, 2020 11:40:50 ‰∏äÂçà cn.how2j.mytomcat.catalina.Context deploy
INFO : Deploying web application directory D:\project\mytomcat\webapps\ROOT
08 12, 2020 11:40:50 ‰∏äÂçà cn.how2j.mytomcat.catalina.Context deploy
INFO : Deployment of web application directory D:\project\mytomcat\webapps\ROOT has finished in 0 ms
08 12, 2020 11:40:50 ‰∏äÂçà cn.how2j.mytomcat.catalina.Context deploy
INFO : Deploying web application directory d:/project/mytomcat/b
08 12, 2020 11:40:50 ‰∏äÂçà cn.how2j.mytomcat.catalina.Context deploy
INFO : Deployment of web application directory d:/project/mytomcat/b has finished in 1 ms
08 12, 2020 11:40:50 ‰∏äÂçà cn.how2j.mytomcat.catalina.Context deploy
INFO : Deploying web application directory d:/project/myjava/web
08 12, 2020 11:40:50 ‰∏äÂçà cn.how2j.mytomcat.catalina.Context deploy
INFO : Deployment of web application directory d:/project/myjava/web has finished in 6 ms
08 12, 2020 11:40:50 ‰∏äÂçà cn.how2j.mytomcat.catalina.Context deploy
INFO : Deploying web application directory D:\project\mytomcat\webapps\a
08 12, 2020 11:40:50 ‰∏äÂçà cn.how2j.mytomcat.catalina.Context deploy
INFO : Deployment of web application directory D:\project\mytomcat\webapps\a has finished in 1 ms
08 12, 2020 11:40:50 ‰∏äÂçà cn.how2j.mytomcat.catalina.Context deploy
INFO : Deploying web application directory D:\project\mytomcat\webapps\ROOT
08 12, 2020 11:40:50 ‰∏äÂçà cn.how2j.mytomcat.catalina.Context deploy
INFO : Deployment of web application directory D:\project\mytomcat\webapps\ROOT has finished in 1 ms
08 12, 2020 11:40:50 ‰∏äÂçà cn.how2j.mytomcat.catalina.Context deploy
INFO : Deploying web application directory d:/project/mytomcat/b
08 12, 2020 11:40:50 ‰∏äÂçà cn.how2j.mytomcat.catalina.Context deploy
INFO : Deployment of web application directory d:/project/mytomcat/b has finished in 0 ms
08 12, 2020 11:40:50 ‰∏äÂçà cn.how2j.mytomcat.catalina.Context deploy
INFO : Deploying web application directory d:/project/myjava/web
08 12, 2020 11:40:50 ‰∏äÂçà cn.how2j.mytomcat.catalina.Context deploy
INFO : Deployment of web application directory d:/project/myjava/web has finished in 3 ms
08 12, 2020 11:43:02 ‰∏äÂçà cn.how2j.mytomcat.catalina.Context deploy
INFO : Deploying web application directory D:\project\mytomcat\webapps\a
08 12, 2020 11:43:02 ‰∏äÂçà cn.how2j.mytomcat.catalina.Context deploy
INFO : Deployment of web application directory D:\project\mytomcat\webapps\a has finished in 2 ms
08 12, 2020 11:43:02 ‰∏äÂçà cn.how2j.mytomcat.catalina.Context deploy
INFO : Deploying web application directory D:\project\mytomcat\webapps\ROOT
08 12, 2020 11:43:02 ‰∏äÂçà cn.how2j.mytomcat.catalina.Context deploy
INFO : Deployment of web application directory D:\project\mytomcat\webapps\ROOT has finished in 1 ms
08 12, 2020 11:43:02 ‰∏äÂçà cn.how2j.mytomcat.catalina.Context deploy
INFO : Deploying web application directory d:/project/mytomcat/b
08 12, 2020 11:43:02 ‰∏äÂçà cn.how2j.mytomcat.catalina.Context deploy
INFO : Deployment of web application directory d:/project/mytomcat/b has finished in 0 ms
08 12, 2020 11:43:02 ‰∏äÂçà cn.how2j.mytomcat.catalina.Context deploy
INFO : Deploying web application directory d:/project/myjava/web
08 12, 2020 11:43:02 ‰∏äÂçà cn.how2j.mytomcat.catalina.Context deploy
INFO : Deployment of web application directory d:/project/myjava/web has finished in 2 ms
08 12, 2020 11:43:02 ‰∏äÂçà cn.how2j.mytomcat.catalina.Context deploy
INFO : Deploying web application directory D:\project\mytomcat\webapps\a
08 12, 2020 11:43:02 ‰∏äÂçà cn.how2j.mytomcat.catalina.Context deploy
INFO : Deployment of web application directory D:\project\mytomcat\webapps\a has finished in 1 ms
08 12, 2020 11:43:02 ‰∏äÂçà cn.how2j.mytomcat.catalina.Context deploy
INFO : Deploying web application directory D:\project\mytomcat\webapps\ROOT
08 12, 2020 11:43:02 ‰∏äÂçà cn.how2j.mytomcat.catalina.Context deploy
INFO : Deployment of web application directory D:\project\mytomcat\webapps\ROOT has finished in 0 ms
08 12, 2020 11:43:02 ‰∏äÂçà cn.how2j.mytomcat.catalina.Context deploy
INFO : Deploying web application directory d:/project/mytomcat/b
08 12, 2020 11:43:02 ‰∏äÂçà cn.how2j.mytomcat.catalina.Context deploy
INFO : Deployment of web application directory d:/project/mytomcat/b has finished in 1 ms
08 12, 2020 11:43:02 ‰∏äÂçà cn.how2j.mytomcat.catalina.Context deploy
INFO : Deploying web application directory d:/project/myjava/web
08 12, 2020 11:43:02 ‰∏äÂçà cn.how2j.mytomcat.catalina.Context deploy
INFO : Deployment of web application directory d:/project/myjava/web has finished in 4 ms
08 12, 2020 11:45:05 ‰∏äÂçà cn.how2j.mytomcat.catalina.Server logJVM
INFO : Server version:		How2J myTomcat/1.0.1
08 12, 2020 11:45:05 ‰∏äÂçà cn.how2j.mytomcat.catalina.Server logJVM
INFO : Server built:		2020-04-08 10:20:22
08 12, 2020 11:45:05 ‰∏äÂçà cn.how2j.mytomcat.catalina.Server logJVM
INFO : Server number:		1.0.1
08 12, 2020 11:45:05 ‰∏äÂçà cn.how2j.mytomcat.catalina.Server logJVM
INFO : OS Name	:		Windows 8.1
08 12, 2020 11:45:05 ‰∏äÂçà cn.how2j.mytomcat.catalina.Server logJVM
INFO : OS Version:		6.3
08 12, 2020 11:45:05 ‰∏äÂçà cn.how2j.mytomcat.catalina.Server logJVM
INFO : Architecture:		amd64
08 12, 2020 11:45:05 ‰∏äÂçà cn.how2j.mytomcat.catalina.Server logJVM
INFO : Java Home:		C:\Program Files\Java\jdk1.8.0_45\jre
08 12, 2020 11:45:05 ‰∏äÂçà cn.how2j.mytomcat.catalina.Server logJVM
INFO : JVM Version:		1.8.0_45-b14
08 12, 2020 11:45:05 ‰∏äÂçà cn.how2j.mytomcat.catalina.Server logJVM
INFO : JVM Vendor:		Oracle Corporation
08 12, 2020 11:45:05 ‰∏äÂçà cn.how2j.mytomcat.catalina.Connector init
INFO : Initializing ProtocolHandler [http-bio-1219]
08 12, 2020 11:45:05 ‰∏äÂçà cn.how2j.mytomcat.catalina.Connector init
INFO : Initializing ProtocolHandler [http-bio-1220]
08 12, 2020 11:45:05 ‰∏äÂçà cn.how2j.mytomcat.catalina.Connector init
INFO : Initializing ProtocolHandler [http-bio-1221]
08 12, 2020 11:45:05 ‰∏äÂçà cn.how2j.mytomcat.catalina.Service init
INFO : Initialization processed in 1 ms
08 12, 2020 11:45:05 ‰∏äÂçà cn.how2j.mytomcat.catalina.Connector start
INFO : Starting ProtocolHandler [http-bio-1219]
08 12, 2020 11:45:05 ‰∏äÂçà cn.how2j.mytomcat.catalina.Connector start
INFO : Starting ProtocolHandler [http-bio-1220]
08 12, 2020 11:45:05 ‰∏äÂçà cn.how2j.mytomcat.catalina.Connector start
INFO : Starting ProtocolHandler [http-bio-1221]
08 12, 2020 11:45:05 ‰∏äÂçà cn.how2j.mytomcat.catalina.Server start
INFO : Server startup in 70 ms
08 12, 2020 11:45:10 ‰∏äÂçà cn.how2j.mytomcat.catalina.Context deploy
INFO : Deploying web application directory D:\project\mytomcat\webapps\a
08 12, 2020 11:45:10 ‰∏äÂçà cn.how2j.mytomcat.catalina.Context deploy
INFO : Deployment of web application directory D:\project\mytomcat\webapps\a has finished in 13 ms
08 12, 2020 11:45:10 ‰∏äÂçà cn.how2j.mytomcat.catalina.Context deploy
INFO : Deploying web application directory D:\project\mytomcat\webapps\ROOT
08 12, 2020 11:45:10 ‰∏äÂçà cn.how2j.mytomcat.catalina.Context deploy
INFO : Deployment of web application directory D:\project\mytomcat\webapps\ROOT has finished in 0 ms
08 12, 2020 11:45:10 ‰∏äÂçà cn.how2j.mytomcat.catalina.Context deploy
INFO : Deploying web application directory d:/project/mytomcat/b
08 12, 2020 11:45:10 ‰∏äÂçà cn.how2j.mytomcat.catalina.Context deploy
INFO : Deployment of web application directory d:/project/mytomcat/b has finished in 1 ms
08 12, 2020 11:45:10 ‰∏äÂçà cn.how2j.mytomcat.catalina.Context deploy
INFO : Deploying web application directory d:/project/myjava/web
08 12, 2020 11:45:10 ‰∏äÂçà cn.how2j.mytomcat.catalina.Context deploy
INFO : Deployment of web application directory d:/project/myjava/web has finished in 6 ms
08 12, 2020 11:45:10 ‰∏äÂçà cn.how2j.mytomcat.catalina.Context deploy
INFO : Deploying web application directory D:\project\mytomcat\webapps\a
08 12, 2020 11:45:10 ‰∏äÂçà cn.how2j.mytomcat.catalina.Context deploy
INFO : Deployment of web application directory D:\project\mytomcat\webapps\a has finished in 0 ms
08 12, 2020 11:45:10 ‰∏äÂçà cn.how2j.mytomcat.catalina.Context deploy
INFO : Deploying web application directory D:\project\mytomcat\webapps\ROOT
08 12, 2020 11:45:10 ‰∏äÂçà cn.how2j.mytomcat.catalina.Context deploy
INFO : Deployment of web application directory D:\project\mytomcat\webapps\ROOT has finished in 0 ms
08 12, 2020 11:45:10 ‰∏äÂçà cn.how2j.mytomcat.catalina.Context deploy
INFO : Deploying web application directory d:/project/mytomcat/b
08 12, 2020 11:45:10 ‰∏äÂçà cn.how2j.mytomcat.catalina.Context deploy
INFO : Deployment of web application directory d:/project/mytomcat/b has finished in 1 ms
08 12, 2020 11:45:10 ‰∏äÂçà cn.how2j.mytomcat.catalina.Context deploy
INFO : Deploying web application directory d:/project/myjava/web
08 12, 2020 11:45:10 ‰∏äÂçà cn.how2j.mytomcat.catalina.Context deploy
INFO : Deployment of web application directory d:/project/myjava/web has finished in 7 ms
08 12, 2020 11:45:16 ‰∏äÂçà cn.how2j.mytomcat.catalina.Context deploy
INFO : Deploying web application directory D:\project\mytomcat\webapps\a
08 12, 2020 11:45:16 ‰∏äÂçà cn.how2j.mytomcat.catalina.Context deploy
INFO : Deployment of web application directory D:\project\mytomcat\webapps\a has finished in 1 ms
08 12, 2020 11:45:16 ‰∏äÂçà cn.how2j.mytomcat.catalina.Context deploy
INFO : Deploying web application directory D:\project\mytomcat\webapps\ROOT
08 12, 2020 11:45:16 ‰∏äÂçà cn.how2j.mytomcat.catalina.Context deploy
INFO : Deployment of web application directory D:\project\mytomcat\webapps\ROOT has finished in 1 ms
08 12, 2020 11:45:16 ‰∏äÂçà cn.how2j.mytomcat.catalina.Context deploy
INFO : Deploying web application directory d:/project/mytomcat/b
08 12, 2020 11:45:16 ‰∏äÂçà cn.how2j.mytomcat.catalina.Context deploy
INFO : Deployment of web application directory d:/project/mytomcat/b has finished in 0 ms
08 12, 2020 11:45:16 ‰∏äÂçà cn.how2j.mytomcat.catalina.Context deploy
INFO : Deploying web application directory d:/project/myjava/web
08 12, 2020 11:45:16 ‰∏äÂçà cn.how2j.mytomcat.catalina.Context deploy
INFO : Deployment of web application directory d:/project/myjava/web has finished in 2 ms
08 12, 2020 11:45:16 ‰∏äÂçà cn.how2j.mytomcat.catalina.Context deploy
INFO : Deploying web application directory D:\project\mytomcat\webapps\a
08 12, 2020 11:45:16 ‰∏äÂçà cn.how2j.mytomcat.catalina.Context deploy
INFO : Deployment of web application directory D:\project\mytomcat\webapps\a has finished in 1 ms
08 12, 2020 11:45:16 ‰∏äÂçà cn.how2j.mytomcat.catalina.Context deploy
INFO : Deploying web application directory D:\project\mytomcat\webapps\ROOT
08 12, 2020 11:45:16 ‰∏äÂçà cn.how2j.mytomcat.catalina.Context deploy
INFO : Deployment of web application directory D:\project\mytomcat\webapps\ROOT has finished in 0 ms
08 12, 2020 11:45:16 ‰∏äÂçà cn.how2j.mytomcat.catalina.Context deploy
INFO : Deploying web application directory d:/project/mytomcat/b
08 12, 2020 11:45:16 ‰∏äÂçà cn.how2j.mytomcat.catalina.Context deploy
INFO : Deployment of web application directory d:/project/mytomcat/b has finished in 1 ms
08 12, 2020 11:45:16 ‰∏äÂçà cn.how2j.mytomcat.catalina.Context deploy
INFO : Deploying web application directory d:/project/myjava/web
08 12, 2020 11:45:16 ‰∏äÂçà cn.how2j.mytomcat.catalina.Context deploy
INFO : Deployment of web application directory d:/project/myjava/web has finished in 4 ms
08 12, 2020 11:45:26 ‰∏äÂçà cn.how2j.mytomcat.catalina.Context deploy
INFO : Deploying web application directory D:\project\mytomcat\webapps\a
08 12, 2020 11:45:26 ‰∏äÂçà cn.how2j.mytomcat.catalina.Context deploy
INFO : Deployment of web application directory D:\project\mytomcat\webapps\a has finished in 1 ms
08 12, 2020 11:45:26 ‰∏äÂçà cn.how2j.mytomcat.catalina.Context deploy
INFO : Deploying web application directory D:\project\mytomcat\webapps\ROOT
08 12, 2020 11:45:26 ‰∏äÂçà cn.how2j.mytomcat.catalina.Context deploy
INFO : Deployment of web application directory D:\project\mytomcat\webapps\ROOT has finished in 0 ms
08 12, 2020 11:45:26 ‰∏äÂçà cn.how2j.mytomcat.catalina.Context deploy
INFO : Deploying web application directory d:/project/mytomcat/b
08 12, 2020 11:45:26 ‰∏äÂçà cn.how2j.mytomcat.catalina.Context deploy
INFO : Deployment of web application directory d:/project/mytomcat/b has finished in 1 ms
08 12, 2020 11:45:26 ‰∏äÂçà cn.how2j.mytomcat.catalina.Context deploy
INFO : Deploying web application directory d:/project/myjava/web
08 12, 2020 11:45:26 ‰∏äÂçà cn.how2j.mytomcat.catalina.Context deploy
INFO : Deployment of web application directory d:/project/myjava/web has finished in 2 ms
08 12, 2020 11:45:26 ‰∏äÂçà cn.how2j.mytomcat.catalina.Context deploy
INFO : Deploying web application directory D:\project\mytomcat\webapps\a
08 12, 2020 11:45:26 ‰∏äÂçà cn.how2j.mytomcat.catalina.Context deploy
INFO : Deployment of web application directory D:\project\mytomcat\webapps\a has finished in 0 ms
08 12, 2020 11:45:26 ‰∏äÂçà cn.how2j.mytomcat.catalina.Context deploy
INFO : Deploying web application directory D:\project\mytomcat\webapps\ROOT
08 12, 2020 11:45:26 ‰∏äÂçà cn.how2j.mytomcat.catalina.Context deploy
INFO : Deployment of web application directory D:\project\mytomcat\webapps\ROOT has finished in 1 ms
08 12, 2020 11:45:26 ‰∏äÂçà cn.how2j.mytomcat.catalina.Context deploy
INFO : Deploying web application directory d:/project/mytomcat/b
08 12, 2020 11:45:26 ‰∏äÂçà cn.how2j.mytomcat.catalina.Context deploy
INFO : Deployment of web application directory d:/project/mytomcat/b has finished in 1 ms
08 12, 2020 11:45:26 ‰∏äÂçà cn.how2j.mytomcat.catalina.Context deploy
INFO : Deploying web application directory d:/project/myjava/web
08 12, 2020 11:45:26 ‰∏äÂçà cn.how2j.mytomcat.catalina.Context deploy
INFO : Deployment of web application directory d:/project/myjava/web has finished in 2 ms
08 12, 2020 11:47:28 ‰∏äÂçà cn.how2j.mytomcat.catalina.Server logJVM
INFO : Server version:		How2J myTomcat/1.0.1
08 12, 2020 11:47:28 ‰∏äÂçà cn.how2j.mytomcat.catalina.Server logJVM
INFO : Server built:		2020-04-08 10:20:22
08 12, 2020 11:47:28 ‰∏äÂçà cn.how2j.mytomcat.catalina.Server logJVM
INFO : Server number:		1.0.1
08 12, 2020 11:47:28 ‰∏äÂçà cn.how2j.mytomcat.catalina.Server logJVM
INFO : OS Name	:		Windows 8.1
08 12, 2020 11:47:28 ‰∏äÂçà cn.how2j.mytomcat.catalina.Server logJVM
INFO : OS Version:		6.3
08 12, 2020 11:47:28 ‰∏äÂçà cn.how2j.mytomcat.catalina.Server logJVM
INFO : Architecture:		amd64
08 12, 2020 11:47:28 ‰∏äÂçà cn.how2j.mytomcat.catalina.Server logJVM
INFO : Java Home:		C:\Program Files\Java\jdk1.8.0_45\jre
08 12, 2020 11:47:28 ‰∏äÂçà cn.how2j.mytomcat.catalina.Server logJVM
INFO : JVM Version:		1.8.0_45-b14
08 12, 2020 11:47:28 ‰∏äÂçà cn.how2j.mytomcat.catalina.Server logJVM
INFO : JVM Vendor:		Oracle Corporation
08 12, 2020 11:47:28 ‰∏äÂçà cn.how2j.mytomcat.catalina.Connector init
INFO : Initializing ProtocolHandler [http-bio-1219]
08 12, 2020 11:47:28 ‰∏äÂçà cn.how2j.mytomcat.catalina.Connector init
INFO : Initializing ProtocolHandler [http-bio-1220]
08 12, 2020 11:47:28 ‰∏äÂçà cn.how2j.mytomcat.catalina.Connector init
INFO : Initializing ProtocolHandler [http-bio-1221]
08 12, 2020 11:47:28 ‰∏äÂçà cn.how2j.mytomcat.catalina.Service init
INFO : Initialization processed in 0 ms
08 12, 2020 11:47:28 ‰∏äÂçà cn.how2j.mytomcat.catalina.Connector start
INFO : Starting ProtocolHandler [http-bio-1219]
08 12, 2020 11:47:28 ‰∏äÂçà cn.how2j.mytomcat.catalina.Connector start
INFO : Starting ProtocolHandler [http-bio-1220]
08 12, 2020 11:47:28 ‰∏äÂçà cn.how2j.mytomcat.catalina.Connector start
INFO : Starting ProtocolHandler [http-bio-1221]
08 12, 2020 11:47:28 ‰∏äÂçà cn.how2j.mytomcat.catalina.Server start
INFO : Server startup in 70 ms
08 12, 2020 11:47:36 ‰∏äÂçà cn.how2j.mytomcat.catalina.Context deploy
INFO : Deploying web application directory D:\project\mytomcat\webapps\a
08 12, 2020 11:47:36 ‰∏äÂçà cn.how2j.mytomcat.catalina.Context deploy
INFO : Deployment of web application directory D:\project\mytomcat\webapps\a has finished in 11 ms
08 12, 2020 11:47:36 ‰∏äÂçà cn.how2j.mytomcat.catalina.Context deploy
INFO : Deploying web application directory D:\project\mytomcat\webapps\ROOT
08 12, 2020 11:47:36 ‰∏äÂçà cn.how2j.mytomcat.catalina.Context deploy
INFO : Deployment of web application directory D:\project\mytomcat\webapps\ROOT has finished in 0 ms
08 12, 2020 11:47:36 ‰∏äÂçà cn.how2j.mytomcat.catalina.Context deploy
INFO : Deploying web application directory d:/project/mytomcat/b
08 12, 2020 11:47:36 ‰∏äÂçà cn.how2j.mytomcat.catalina.Context deploy
INFO : Deployment of web application directory d:/project/mytomcat/b has finished in 0 ms
08 12, 2020 11:47:36 ‰∏äÂçà cn.how2j.mytomcat.catalina.Context deploy
INFO : Deploying web application directory d:/project/myjava/web
08 12, 2020 11:47:36 ‰∏äÂçà cn.how2j.mytomcat.catalina.Context deploy
INFO : Deployment of web application directory d:/project/myjava/web has finished in 8 ms
08 12, 2020 11:47:36 ‰∏äÂçà cn.how2j.mytomcat.catalina.Context deploy
INFO : Deploying web application directory D:\project\mytomcat\webapps\a
08 12, 2020 11:47:36 ‰∏äÂçà cn.how2j.mytomcat.catalina.Context deploy
INFO : Deployment of web application directory D:\project\mytomcat\webapps\a has finished in 1 ms
08 12, 2020 11:47:36 ‰∏äÂçà cn.how2j.mytomcat.catalina.Context deploy
INFO : Deploying web application directory D:\project\mytomcat\webapps\ROOT
08 12, 2020 11:47:36 ‰∏äÂçà cn.how2j.mytomcat.catalina.Context deploy
INFO : Deployment of web application directory D:\project\mytomcat\webapps\ROOT has finished in 1 ms
08 12, 2020 11:47:36 ‰∏äÂçà cn.how2j.mytomcat.catalina.Context deploy
INFO : Deploying web application directory d:/project/mytomcat/b
08 12, 2020 11:47:36 ‰∏äÂçà cn.how2j.mytomcat.catalina.Context deploy
INFO : Deployment of web application directory d:/project/mytomcat/b has finished in 0 ms
08 12, 2020 11:47:36 ‰∏äÂçà cn.how2j.mytomcat.catalina.Context deploy
INFO : Deploying web application directory d:/project/myjava/web
08 12, 2020 11:47:36 ‰∏äÂçà cn.how2j.mytomcat.catalina.Context deploy
INFO : Deployment of web application directory d:/project/myjava/web has finished in 3 ms
08 12, 2020 12:01:24 œ¬ŒÁ cn.how2j.mytomcat.catalina.Server logJVM
INFO : Server version:		How2J myTomcat/1.0.1
08 12, 2020 12:01:24 œ¬ŒÁ cn.how2j.mytomcat.catalina.Server logJVM
INFO : Server built:		2020-04-08 10:20:22
08 12, 2020 12:01:24 œ¬ŒÁ cn.how2j.mytomcat.catalina.Server logJVM
INFO : Server number:		1.0.1
08 12, 2020 12:01:24 œ¬ŒÁ cn.how2j.mytomcat.catalina.Server logJVM
INFO : OS Name	:		Windows 10
08 12, 2020 12:01:24 œ¬ŒÁ cn.how2j.mytomcat.catalina.Server logJVM
INFO : OS Version:		10.0
08 12, 2020 12:01:24 œ¬ŒÁ cn.how2j.mytomcat.catalina.Server logJVM
INFO : Architecture:		x86
08 12, 2020 12:01:24 œ¬ŒÁ cn.how2j.mytomcat.catalina.Server logJVM
INFO : Java Home:		D:\JDK\jre
08 12, 2020 12:01:24 œ¬ŒÁ cn.how2j.mytomcat.catalina.Server logJVM
INFO : JVM Version:		1.8.0_65-b17
08 12, 2020 12:01:24 œ¬ŒÁ cn.how2j.mytomcat.catalina.Server logJVM
INFO : JVM Vendor:		Oracle Corporation
08 12, 2020 12:01:24 œ¬ŒÁ cn.how2j.mytomcat.catalina.Connector init
INFO : Initializing ProtocolHandler [http-bio-1219]
08 12, 2020 12:01:24 œ¬ŒÁ cn.how2j.mytomcat.catalina.Connector init
INFO : Initializing ProtocolHandler [http-bio-1220]
08 12, 2020 12:01:24 œ¬ŒÁ cn.how2j.mytomcat.catalina.Connector init
INFO : Initializing ProtocolHandler [http-bio-1221]
08 12, 2020 12:01:24 œ¬ŒÁ cn.how2j.mytomcat.catalina.Service init
INFO : Initialization processed in 1 ms
08 12, 2020 12:01:24 œ¬ŒÁ cn.how2j.mytomcat.catalina.Connector start
INFO : Starting ProtocolHandler [http-bio-1219]
08 12, 2020 12:01:24 œ¬ŒÁ cn.how2j.mytomcat.catalina.Connector start
INFO : Starting ProtocolHandler [http-bio-1220]
08 12, 2020 12:01:24 œ¬ŒÁ cn.how2j.mytomcat.catalina.Connector start
INFO : Starting ProtocolHandler [http-bio-1221]
08 12, 2020 12:01:24 œ¬ŒÁ cn.how2j.mytomcat.catalina.Server start
INFO : Server startup in 131 ms
08 12, 2020 12:01:30 œ¬ŒÁ cn.how2j.mytomcat.catalina.Context deploy
INFO : Deploying web application directory D:\project\mytomcat\webapps\a
08 12, 2020 12:01:30 œ¬ŒÁ cn.how2j.mytomcat.catalina.Context deploy
INFO : Deployment of web application directory D:\project\mytomcat\webapps\a has finished in 20 ms
08 12, 2020 12:01:30 œ¬ŒÁ cn.how2j.mytomcat.catalina.Context deploy
INFO : Deploying web application directory D:\project\mytomcat\webapps\ROOT
08 12, 2020 12:01:30 œ¬ŒÁ cn.how2j.mytomcat.catalina.Context deploy
INFO : Deployment of web application directory D:\project\mytomcat\webapps\ROOT has finished in 1 ms
08 12, 2020 12:01:30 œ¬ŒÁ cn.how2j.mytomcat.catalina.Context deploy
INFO : Deploying web application directory d:/project/mytomcat/b
08 12, 2020 12:01:30 œ¬ŒÁ cn.how2j.mytomcat.catalina.Context deploy
INFO : Deployment of web application directory d:/project/mytomcat/b has finished in 0 ms
08 12, 2020 12:01:30 œ¬ŒÁ cn.how2j.mytomcat.catalina.Context deploy
INFO : Deploying web application directory d:/project/myjava/web
08 12, 2020 12:01:30 œ¬ŒÁ cn.how2j.mytomcat.catalina.Context deploy
INFO : Deployment of web application directory d:/project/myjava/web has finished in 5 ms
08 12, 2020 12:01:30 œ¬ŒÁ cn.how2j.mytomcat.catalina.Context deploy
INFO : Deploying web application directory D:\project\mytomcat\webapps\a
08 12, 2020 12:01:30 œ¬ŒÁ cn.how2j.mytomcat.catalina.Context deploy
INFO : Deployment of web application directory D:\project\mytomcat\webapps\a has finished in 1 ms
08 12, 2020 12:01:30 œ¬ŒÁ cn.how2j.mytomcat.catalina.Context deploy
INFO : Deploying web application directory D:\project\mytomcat\webapps\ROOT
08 12, 2020 12:01:30 œ¬ŒÁ cn.how2j.mytomcat.catalina.Context deploy
INFO : Deployment of web application directory D:\project\mytomcat\webapps\ROOT has finished in 0 ms
08 12, 2020 12:01:30 œ¬ŒÁ cn.how2j.mytomcat.catalina.Context deploy
INFO : Deploying web application directory d:/project/mytomcat/b
08 12, 2020 12:01:30 œ¬ŒÁ cn.how2j.mytomcat.catalina.Context deploy
INFO : Deployment of web application directory d:/project/mytomcat/b has finished in 0 ms
08 12, 2020 12:01:30 œ¬ŒÁ cn.how2j.mytomcat.catalina.Context deploy
INFO : Deploying web application directory d:/project/myjava/web
08 12, 2020 12:01:30 œ¬ŒÁ cn.how2j.mytomcat.catalina.Context deploy
INFO : Deployment of web application directory d:/project/myjava/web has finished in 3 ms
08 12, 2020 12:01:43 œ¬ŒÁ cn.how2j.mytomcat.catalina.Context deploy
INFO : Deploying web application directory D:\project\mytomcat\webapps\a
08 12, 2020 12:01:43 œ¬ŒÁ cn.how2j.mytomcat.catalina.Context deploy
INFO : Deployment of web application directory D:\project\mytomcat\webapps\a has finished in 0 ms
08 12, 2020 12:01:43 œ¬ŒÁ cn.how2j.mytomcat.catalina.Context deploy
INFO : Deploying web application directory D:\project\mytomcat\webapps\ROOT
08 12, 2020 12:01:43 œ¬ŒÁ cn.how2j.mytomcat.catalina.Context deploy
INFO : Deployment of web application directory D:\project\mytomcat\webapps\ROOT has finished in 0 ms
08 12, 2020 12:01:43 œ¬ŒÁ cn.how2j.mytomcat.catalina.Context deploy
INFO : Deploying web application directory d:/project/mytomcat/b
08 12, 2020 12:01:43 œ¬ŒÁ cn.how2j.mytomcat.catalina.Context deploy
INFO : Deployment of web application directory d:/project/mytomcat/b has finished in 1 ms
08 12, 2020 12:01:43 œ¬ŒÁ cn.how2j.mytomcat.catalina.Context deploy
INFO : Deploying web application directory d:/project/myjava/web
08 12, 2020 12:01:43 œ¬ŒÁ cn.how2j.mytomcat.catalina.Context deploy
INFO : Deployment of web application directory d:/project/myjava/web has finished in 2 ms
08 12, 2020 12:01:43 œ¬ŒÁ cn.how2j.mytomcat.catalina.Context deploy
INFO : Deploying web application directory D:\project\mytomcat\webapps\a
08 12, 2020 12:01:43 œ¬ŒÁ cn.how2j.mytomcat.catalina.Context deploy
INFO : Deployment of web application directory D:\project\mytomcat\webapps\a has finished in 1 ms
08 12, 2020 12:01:43 œ¬ŒÁ cn.how2j.mytomcat.catalina.Context deploy
INFO : Deploying web application directory D:\project\mytomcat\webapps\ROOT
08 12, 2020 12:01:43 œ¬ŒÁ cn.how2j.mytomcat.catalina.Context deploy
INFO : Deployment of web application directory D:\project\mytomcat\webapps\ROOT has finished in 1 ms
08 12, 2020 12:01:43 œ¬ŒÁ cn.how2j.mytomcat.catalina.Context deploy
INFO : Deploying web application directory d:/project/mytomcat/b
08 12, 2020 12:01:43 œ¬ŒÁ cn.how2j.mytomcat.catalina.Context deploy
INFO : Deployment of web application directory d:/project/mytomcat/b has finished in 0 ms
08 12, 2020 12:01:43 œ¬ŒÁ cn.how2j.mytomcat.catalina.Context deploy
INFO : Deploying web application directory d:/project/myjava/web
08 12, 2020 12:01:43 œ¬ŒÁ cn.how2j.mytomcat.catalina.Context deploy
INFO : Deployment of web application directory d:/project/myjava/web has finished in 4 ms
08 12, 2020 12:03:40 œ¬ŒÁ cn.how2j.mytomcat.catalina.Server logJVM
INFO : Server version:		How2J myTomcat/1.0.1
08 12, 2020 12:03:40 œ¬ŒÁ cn.how2j.mytomcat.catalina.Server logJVM
INFO : Server built:		2020-04-08 10:20:22
08 12, 2020 12:03:40 œ¬ŒÁ cn.how2j.mytomcat.catalina.Server logJVM
INFO : Server number:		1.0.1
08 12, 2020 12:03:40 œ¬ŒÁ cn.how2j.mytomcat.catalina.Server logJVM
INFO : OS Name	:		Windows 10
08 12, 2020 12:03:40 œ¬ŒÁ cn.how2j.mytomcat.catalina.Server logJVM
INFO : OS Version:		10.0
08 12, 2020 12:03:40 œ¬ŒÁ cn.how2j.mytomcat.catalina.Server logJVM
INFO : Architecture:		x86
08 12, 2020 12:03:40 œ¬ŒÁ cn.how2j.mytomcat.catalina.Server logJVM
INFO : Java Home:		D:\JDK\jre
08 12, 2020 12:03:40 œ¬ŒÁ cn.how2j.mytomcat.catalina.Server logJVM
INFO : JVM Version:		1.8.0_65-b17
08 12, 2020 12:03:40 œ¬ŒÁ cn.how2j.mytomcat.catalina.Server logJVM
INFO : JVM Vendor:		Oracle Corporation
08 12, 2020 12:03:40 œ¬ŒÁ cn.how2j.mytomcat.catalina.Connector init
INFO : Initializing ProtocolHandler [http-bio-1219]
08 12, 2020 12:03:40 œ¬ŒÁ cn.how2j.mytomcat.catalina.Connector init
INFO : Initializing ProtocolHandler [http-bio-1220]
08 12, 2020 12:03:40 œ¬ŒÁ cn.how2j.mytomcat.catalina.Connector init
INFO : Initializing ProtocolHandler [http-bio-1221]
08 12, 2020 12:03:40 œ¬ŒÁ cn.how2j.mytomcat.catalina.Service init
INFO : Initialization processed in 1 ms
08 12, 2020 12:03:40 œ¬ŒÁ cn.how2j.mytomcat.catalina.Connector start
INFO : Starting ProtocolHandler [http-bio-1219]
08 12, 2020 12:03:40 œ¬ŒÁ cn.how2j.mytomcat.catalina.Connector start
INFO : Starting ProtocolHandler [http-bio-1220]
08 12, 2020 12:03:40 œ¬ŒÁ cn.how2j.mytomcat.catalina.Connector start
INFO : Starting ProtocolHandler [http-bio-1221]
08 12, 2020 12:03:40 œ¬ŒÁ cn.how2j.mytomcat.catalina.Server start
INFO : Server startup in 65 ms
08 12, 2020 12:03:53 œ¬ŒÁ cn.how2j.mytomcat.catalina.Context deploy
INFO : Deploying web application directory D:\project\mytomcat\webapps\a
08 12, 2020 12:03:53 œ¬ŒÁ cn.how2j.mytomcat.catalina.Context deploy
INFO : Deployment of web application directory D:\project\mytomcat\webapps\a has finished in 8 ms
08 12, 2020 12:03:53 œ¬ŒÁ cn.how2j.mytomcat.catalina.Context deploy
INFO : Deploying web application directory D:\project\mytomcat\webapps\ROOT
08 12, 2020 12:03:53 œ¬ŒÁ cn.how2j.mytomcat.catalina.Context deploy
INFO : Deployment of web application directory D:\project\mytomcat\webapps\ROOT has finished in 0 ms
08 12, 2020 12:03:53 œ¬ŒÁ cn.how2j.mytomcat.catalina.Context deploy
INFO : Deploying web application directory d:/project/mytomcat/b
08 12, 2020 12:03:53 œ¬ŒÁ cn.how2j.mytomcat.catalina.Context deploy
INFO : Deployment of web application directory d:/project/mytomcat/b has finished in 0 ms
08 12, 2020 12:03:53 œ¬ŒÁ cn.how2j.mytomcat.catalina.Context deploy
INFO : Deploying web application directory d:/project/myjava/web
08 12, 2020 12:03:53 œ¬ŒÁ cn.how2j.mytomcat.catalina.Context deploy
INFO : Deployment of web application directory d:/project/myjava/web has finished in 6 ms
08 12, 2020 12:03:53 œ¬ŒÁ cn.how2j.mytomcat.catalina.Context deploy
INFO : Deploying web application directory D:\project\mytomcat\webapps\a
08 12, 2020 12:03:53 œ¬ŒÁ cn.how2j.mytomcat.catalina.Context deploy
INFO : Deployment of web application directory D:\project\mytomcat\webapps\a has finished in 1 ms
08 12, 2020 12:03:53 œ¬ŒÁ cn.how2j.mytomcat.catalina.Context deploy
INFO : Deploying web application directory D:\project\mytomcat\webapps\ROOT
08 12, 2020 12:03:53 œ¬ŒÁ cn.how2j.mytomcat.catalina.Context deploy
INFO : Deployment of web application directory D:\project\mytomcat\webapps\ROOT has finished in 1 ms
08 12, 2020 12:03:53 œ¬ŒÁ cn.how2j.mytomcat.catalina.Context deploy
INFO : Deploying web application directory d:/project/mytomcat/b
08 12, 2020 12:03:53 œ¬ŒÁ cn.how2j.mytomcat.catalina.Context deploy
INFO : Deployment of web application directory d:/project/mytomcat/b has finished in 0 ms
08 12, 2020 12:03:53 œ¬ŒÁ cn.how2j.mytomcat.catalina.Context deploy
INFO : Deploying web application directory d:/project/myjava/web
08 12, 2020 12:03:53 œ¬ŒÁ cn.how2j.mytomcat.catalina.Context deploy
INFO : Deployment of web application directory d:/project/myjava/web has finished in 4 ms
08 12, 2020 12:04:02 œ¬ŒÁ cn.how2j.mytomcat.catalina.Context deploy
INFO : Deploying web application directory D:\project\mytomcat\webapps\a
08 12, 2020 12:04:02 œ¬ŒÁ cn.how2j.mytomcat.catalina.Context deploy
INFO : Deployment of web application directory D:\project\mytomcat\webapps\a has finished in 1 ms
08 12, 2020 12:04:02 œ¬ŒÁ cn.how2j.mytomcat.catalina.Context deploy
INFO : Deploying web application directory D:\project\mytomcat\webapps\ROOT
08 12, 2020 12:04:02 œ¬ŒÁ cn.how2j.mytomcat.catalina.Context deploy
INFO : Deployment of web application directory D:\project\mytomcat\webapps\ROOT has finished in 1 ms
08 12, 2020 12:04:02 œ¬ŒÁ cn.how2j.mytomcat.catalina.Context deploy
INFO : Deploying web application directory d:/project/mytomcat/b
08 12, 2020 12:04:02 œ¬ŒÁ cn.how2j.mytomcat.catalina.Context deploy
INFO : Deployment of web application directory d:/project/mytomcat/b has finished in 1 ms
08 12, 2020 12:04:02 œ¬ŒÁ cn.how2j.mytomcat.catalina.Context deploy
INFO : Deploying web application directory d:/project/myjava/web
08 12, 2020 12:04:02 œ¬ŒÁ cn.how2j.mytomcat.catalina.Context deploy
INFO : Deployment of web application directory d:/project/myjava/web has finished in 4 ms
08 12, 2020 12:04:02 œ¬ŒÁ cn.how2j.mytomcat.catalina.Context deploy
INFO : Deploying web application directory D:\project\mytomcat\webapps\a
08 12, 2020 12:04:02 œ¬ŒÁ cn.how2j.mytomcat.catalina.Context deploy
INFO : Deployment of web application directory D:\project\mytomcat\webapps\a has finished in 0 ms
08 12, 2020 12:04:02 œ¬ŒÁ cn.how2j.mytomcat.catalina.Context deploy
INFO : Deploying web application directory D:\project\mytomcat\webapps\ROOT
08 12, 2020 12:04:02 œ¬ŒÁ cn.how2j.mytomcat.catalina.Context deploy
INFO : Deployment of web application directory D:\project\mytomcat\webapps\ROOT has finished in 0 ms
08 12, 2020 12:04:02 œ¬ŒÁ cn.how2j.mytomcat.catalina.Context deploy
INFO : Deploying web application directory d:/project/mytomcat/b
08 12, 2020 12:04:02 œ¬ŒÁ cn.how2j.mytomcat.catalina.Context deploy
INFO : Deployment of web application directory d:/project/mytomcat/b has finished in 1 ms
08 12, 2020 12:04:02 œ¬ŒÁ cn.how2j.mytomcat.catalina.Context deploy
INFO : Deploying web application directory d:/project/myjava/web
08 12, 2020 12:04:02 œ¬ŒÁ cn.how2j.mytomcat.catalina.Context deploy
INFO : Deployment of web application directory d:/project/myjava/web has finished in 3 ms
08 12, 2020 12:04:07 œ¬ŒÁ cn.how2j.mytomcat.catalina.Context deploy
INFO : Deploying web application directory D:\project\mytomcat\webapps\a
08 12, 2020 12:04:07 œ¬ŒÁ cn.how2j.mytomcat.catalina.Context deploy
INFO : Deployment of web application directory D:\project\mytomcat\webapps\a has finished in 0 ms
08 12, 2020 12:04:07 œ¬ŒÁ cn.how2j.mytomcat.catalina.Context deploy
INFO : Deploying web application directory D:\project\mytomcat\webapps\ROOT
08 12, 2020 12:04:07 œ¬ŒÁ cn.how2j.mytomcat.catalina.Context deploy
INFO : Deployment of web application directory D:\project\mytomcat\webapps\ROOT has finished in 1 ms
08 12, 2020 12:04:07 œ¬ŒÁ cn.how2j.mytomcat.catalina.Context deploy
INFO : Deploying web application directory d:/project/mytomcat/b
08 12, 2020 12:04:07 œ¬ŒÁ cn.how2j.mytomcat.catalina.Context deploy
INFO : Deployment of web application directory d:/project/mytomcat/b has finished in 0 ms
08 12, 2020 12:04:07 œ¬ŒÁ cn.how2j.mytomcat.catalina.Context deploy
INFO : Deploying web application directory d:/project/myjava/web
08 12, 2020 12:04:07 œ¬ŒÁ cn.how2j.mytomcat.catalina.Context deploy
INFO : Deployment of web application directory d:/project/myjava/web has finished in 2 ms
08 12, 2020 12:04:07 œ¬ŒÁ cn.how2j.mytomcat.catalina.Context deploy
INFO : Deploying web application directory D:\project\mytomcat\webapps\a
08 12, 2020 12:04:07 œ¬ŒÁ cn.how2j.mytomcat.catalina.Context deploy
INFO : Deployment of web application directory D:\project\mytomcat\webapps\a has finished in 1 ms
08 12, 2020 12:04:07 œ¬ŒÁ cn.how2j.mytomcat.catalina.Context deploy
INFO : Deploying web application directory D:\project\mytomcat\webapps\ROOT
08 12, 2020 12:04:07 œ¬ŒÁ cn.how2j.mytomcat.catalina.Context deploy
INFO : Deployment of web application directory D:\project\mytomcat\webapps\ROOT has finished in 1 ms
08 12, 2020 12:04:07 œ¬ŒÁ cn.how2j.mytomcat.catalina.Context deploy
INFO : Deploying web application directory d:/project/mytomcat/b
08 12, 2020 12:04:07 œ¬ŒÁ cn.how2j.mytomcat.catalina.Context deploy
INFO : Deployment of web application directory d:/project/mytomcat/b has finished in 0 ms
08 12, 2020 12:04:07 œ¬ŒÁ cn.how2j.mytomcat.catalina.Context deploy
INFO : Deploying web application directory d:/project/myjava/web
08 12, 2020 12:04:07 œ¬ŒÁ cn.how2j.mytomcat.catalina.Context deploy
INFO : Deployment of web application directory d:/project/myjava/web has finished in 2 ms
08 12, 2020 12:05:21 œ¬ŒÁ cn.how2j.mytomcat.catalina.Server logJVM
INFO : Server version:		How2J myTomcat/1.0.1
08 12, 2020 12:05:21 œ¬ŒÁ cn.how2j.mytomcat.catalina.Server logJVM
INFO : Server built:		2020-04-08 10:20:22
08 12, 2020 12:05:21 œ¬ŒÁ cn.how2j.mytomcat.catalina.Server logJVM
INFO : Server number:		1.0.1
08 12, 2020 12:05:21 œ¬ŒÁ cn.how2j.mytomcat.catalina.Server logJVM
INFO : OS Name	:		Windows 10
08 12, 2020 12:05:21 œ¬ŒÁ cn.how2j.mytomcat.catalina.Server logJVM
INFO : OS Version:		10.0
08 12, 2020 12:05:21 œ¬ŒÁ cn.how2j.mytomcat.catalina.Server logJVM
INFO : Architecture:		x86
08 12, 2020 12:05:21 œ¬ŒÁ cn.how2j.mytomcat.catalina.Server logJVM
INFO : Java Home:		D:\JDK\jre
08 12, 2020 12:05:21 œ¬ŒÁ cn.how2j.mytomcat.catalina.Server logJVM
INFO : JVM Version:		1.8.0_65-b17
08 12, 2020 12:05:21 œ¬ŒÁ cn.how2j.mytomcat.catalina.Server logJVM
INFO : JVM Vendor:		Oracle Corporation
08 12, 2020 12:05:21 œ¬ŒÁ cn.how2j.mytomcat.catalina.Connector init
INFO : Initializing ProtocolHandler [http-bio-1219]
08 12, 2020 12:05:21 œ¬ŒÁ cn.how2j.mytomcat.catalina.Connector init
INFO : Initializing ProtocolHandler [http-bio-1220]
08 12, 2020 12:05:21 œ¬ŒÁ cn.how2j.mytomcat.catalina.Connector init
INFO : Initializing ProtocolHandler [http-bio-1221]
08 12, 2020 12:05:21 œ¬ŒÁ cn.how2j.mytomcat.catalina.Service init
INFO : Initialization processed in 1 ms
08 12, 2020 12:05:21 œ¬ŒÁ cn.how2j.mytomcat.catalina.Connector start
INFO : Starting ProtocolHandler [http-bio-1219]
08 12, 2020 12:05:21 œ¬ŒÁ cn.how2j.mytomcat.catalina.Connector start
INFO : Starting ProtocolHandler [http-bio-1220]
08 12, 2020 12:05:21 œ¬ŒÁ cn.how2j.mytomcat.catalina.Connector start
INFO : Starting ProtocolHandler [http-bio-1221]
08 12, 2020 12:05:21 œ¬ŒÁ cn.how2j.mytomcat.catalina.Server start
INFO : Server startup in 67 ms
08 12, 2020 12:05:26 œ¬ŒÁ cn.how2j.mytomcat.catalina.Context deploy
INFO : Deploying web application directory D:\project\mytomcat\webapps\a
08 12, 2020 12:05:26 œ¬ŒÁ cn.how2j.mytomcat.catalina.Context deploy
INFO : Deployment of web application directory D:\project\mytomcat\webapps\a has finished in 8 ms
08 12, 2020 12:05:26 œ¬ŒÁ cn.how2j.mytomcat.catalina.Context deploy
INFO : Deploying web application directory D:\project\mytomcat\webapps\ROOT
08 12, 2020 12:05:26 œ¬ŒÁ cn.how2j.mytomcat.catalina.Context deploy
INFO : Deployment of web application directory D:\project\mytomcat\webapps\ROOT has finished in 0 ms
08 12, 2020 12:05:26 œ¬ŒÁ cn.how2j.mytomcat.catalina.Context deploy
INFO : Deploying web application directory d:/project/mytomcat/b
08 12, 2020 12:05:26 œ¬ŒÁ cn.how2j.mytomcat.catalina.Context deploy
INFO : Deployment of web application directory d:/project/mytomcat/b has finished in 0 ms
08 12, 2020 12:05:26 œ¬ŒÁ cn.how2j.mytomcat.catalina.Context deploy
INFO : Deploying web application directory d:/project/myjava/web
08 12, 2020 12:05:26 œ¬ŒÁ cn.how2j.mytomcat.catalina.Context deploy
INFO : Deployment of web application directory d:/project/myjava/web has finished in 6 ms
08 12, 2020 12:05:26 œ¬ŒÁ cn.how2j.mytomcat.catalina.Context deploy
INFO : Deploying web application directory D:\project\mytomcat\webapps\a
08 12, 2020 12:05:26 œ¬ŒÁ cn.how2j.mytomcat.catalina.Context deploy
INFO : Deployment of web application directory D:\project\mytomcat\webapps\a has finished in 0 ms
08 12, 2020 12:05:26 œ¬ŒÁ cn.how2j.mytomcat.catalina.Context deploy
INFO : Deploying web application directory D:\project\mytomcat\webapps\ROOT
08 12, 2020 12:05:26 œ¬ŒÁ cn.how2j.mytomcat.catalina.Context deploy
INFO : Deployment of web application directory D:\project\mytomcat\webapps\ROOT has finished in 1 ms
08 12, 2020 12:05:26 œ¬ŒÁ cn.how2j.mytomcat.catalina.Context deploy
INFO : Deploying web application directory d:/project/mytomcat/b
08 12, 2020 12:05:26 œ¬ŒÁ cn.how2j.mytomcat.catalina.Context deploy
INFO : Deployment of web application directory d:/project/mytomcat/b has finished in 1 ms
08 12, 2020 12:05:26 œ¬ŒÁ cn.how2j.mytomcat.catalina.Context deploy
INFO : Deploying web application directory d:/project/myjava/web
08 12, 2020 12:05:26 œ¬ŒÁ cn.how2j.mytomcat.catalina.Context deploy
INFO : Deployment of web application directory d:/project/myjava/web has finished in 3 ms
08 12, 2020 16:23:19 ‰∏ãÂçà cn.how2j.mytomcat.catalina.Server logJVM
INFO : Server version:		How2J myTomcat/1.0.1
08 12, 2020 16:23:19 ‰∏ãÂçà cn.how2j.mytomcat.catalina.Server logJVM
INFO : Server built:		2020-04-08 10:20:22
08 12, 2020 16:23:19 ‰∏ãÂçà cn.how2j.mytomcat.catalina.Server logJVM
INFO : Server number:		1.0.1
08 12, 2020 16:23:19 ‰∏ãÂçà cn.how2j.mytomcat.catalina.Server logJVM
INFO : OS Name	:		Windows 8.1
08 12, 2020 16:23:19 ‰∏ãÂçà cn.how2j.mytomcat.catalina.Server logJVM
INFO : OS Version:		6.3
08 12, 2020 16:23:19 ‰∏ãÂçà cn.how2j.mytomcat.catalina.Server logJVM
INFO : Architecture:		amd64
08 12, 2020 16:23:19 ‰∏ãÂçà cn.how2j.mytomcat.catalina.Server logJVM
INFO : Java Home:		C:\Program Files\Java\jdk1.8.0_45\jre
08 12, 2020 16:23:19 ‰∏ãÂçà cn.how2j.mytomcat.catalina.Server logJVM
INFO : JVM Version:		1.8.0_45-b14
08 12, 2020 16:23:19 ‰∏ãÂçà cn.how2j.mytomcat.catalina.Server logJVM
INFO : JVM Vendor:		Oracle Corporation
08 12, 2020 16:23:19 ‰∏ãÂçà cn.how2j.mytomcat.catalina.Connector init
INFO : Initializing ProtocolHandler [http-bio-1219]
08 12, 2020 16:23:19 ‰∏ãÂçà cn.how2j.mytomcat.catalina.Connector init
INFO : Initializing ProtocolHandler [http-bio-1220]
08 12, 2020 16:23:19 ‰∏ãÂçà cn.how2j.mytomcat.catalina.Connector init
INFO : Initializing ProtocolHandler [http-bio-1221]
08 12, 2020 16:23:19 ‰∏ãÂçà cn.how2j.mytomcat.catalina.Service init
INFO : Initialization processed in 0 ms
08 12, 2020 16:23:19 ‰∏ãÂçà cn.how2j.mytomcat.catalina.Connector start
INFO : Starting ProtocolHandler [http-bio-1219]
08 12, 2020 16:23:19 ‰∏ãÂçà cn.how2j.mytomcat.catalina.Connector start
INFO : Starting ProtocolHandler [http-bio-1220]
08 12, 2020 16:23:19 ‰∏ãÂçà cn.how2j.mytomcat.catalina.Connector start
INFO : Starting ProtocolHandler [http-bio-1221]
08 12, 2020 16:23:19 ‰∏ãÂçà cn.how2j.mytomcat.catalina.Server start
INFO : Server startup in 96 ms
08 12, 2020 16:27:27 ‰∏ãÂçà cn.how2j.mytomcat.catalina.Server logJVM
INFO : Server version:		How2J myTomcat/1.0.1
08 12, 2020 16:27:27 ‰∏ãÂçà cn.how2j.mytomcat.catalina.Server logJVM
INFO : Server built:		2020-04-08 10:20:22
08 12, 2020 16:27:27 ‰∏ãÂçà cn.how2j.mytomcat.catalina.Server logJVM
INFO : Server number:		1.0.1
08 12, 2020 16:27:27 ‰∏ãÂçà cn.how2j.mytomcat.catalina.Server logJVM
INFO : OS Name	:		Windows 8.1
08 12, 2020 16:27:27 ‰∏ãÂçà cn.how2j.mytomcat.catalina.Server logJVM
INFO : OS Version:		6.3
08 12, 2020 16:27:27 ‰∏ãÂçà cn.how2j.mytomcat.catalina.Server logJVM
INFO : Architecture:		amd64
08 12, 2020 16:27:27 ‰∏ãÂçà cn.how2j.mytomcat.catalina.Server logJVM
INFO : Java Home:		C:\Program Files\Java\jdk1.8.0_45\jre
08 12, 2020 16:27:27 ‰∏ãÂçà cn.how2j.mytomcat.catalina.Server logJVM
INFO : JVM Version:		1.8.0_45-b14
08 12, 2020 16:27:27 ‰∏ãÂçà cn.how2j.mytomcat.catalina.Server logJVM
INFO : JVM Vendor:		Oracle Corporation
08 12, 2020 16:27:27 ‰∏ãÂçà cn.how2j.mytomcat.catalina.Connector init
INFO : Initializing ProtocolHandler [http-bio-1219]
08 12, 2020 16:27:27 ‰∏ãÂçà cn.how2j.mytomcat.catalina.Connector init
INFO : Initializing ProtocolHandler [http-bio-1220]
08 12, 2020 16:27:27 ‰∏ãÂçà cn.how2j.mytomcat.catalina.Connector init
INFO : Initializing ProtocolHandler [http-bio-1221]
08 12, 2020 16:27:27 ‰∏ãÂçà cn.how2j.mytomcat.catalina.Service init
INFO : Initialization processed in 1 ms
08 12, 2020 16:27:27 ‰∏ãÂçà cn.how2j.mytomcat.catalina.Connector start
INFO : Starting ProtocolHandler [http-bio-1219]
08 12, 2020 16:27:27 ‰∏ãÂçà cn.how2j.mytomcat.catalina.Connector start
INFO : Starting ProtocolHandler [http-bio-1220]
08 12, 2020 16:27:27 ‰∏ãÂçà cn.how2j.mytomcat.catalina.Connector start
INFO : Starting ProtocolHandler [http-bio-1221]
08 12, 2020 16:27:27 ‰∏ãÂçà cn.how2j.mytomcat.catalina.Server start
INFO : Server startup in 69 ms
08 12, 2020 16:27:30 ‰∏ãÂçà cn.how2j.mytomcat.catalina.Context deploy
INFO : Deploying web application directory D:\project\mytomcat\webapps\a
08 12, 2020 16:27:30 ‰∏ãÂçà cn.how2j.mytomcat.catalina.Context deploy
INFO : Deployment of web application directory D:\project\mytomcat\webapps\a has finished in 12 ms
08 12, 2020 16:27:30 ‰∏ãÂçà cn.how2j.mytomcat.catalina.Context deploy
INFO : Deploying web application directory D:\project\mytomcat\webapps\ROOT
08 12, 2020 16:27:30 ‰∏ãÂçà cn.how2j.mytomcat.catalina.Context deploy
INFO : Deployment of web application directory D:\project\mytomcat\webapps\ROOT has finished in 0 ms
08 12, 2020 16:27:30 ‰∏ãÂçà cn.how2j.mytomcat.catalina.Context deploy
INFO : Deploying web application directory d:/project/mytomcat/b
08 12, 2020 16:27:30 ‰∏ãÂçà cn.how2j.mytomcat.catalina.Context deploy
INFO : Deployment of web application directory d:/project/mytomcat/b has finished in 0 ms
08 12, 2020 16:27:30 ‰∏ãÂçà cn.how2j.mytomcat.catalina.Context deploy
INFO : Deploying web application directory d:/project/myjava/web
08 12, 2020 16:27:30 ‰∏ãÂçà cn.how2j.mytomcat.catalina.Context deploy
INFO : Deployment of web application directory d:/project/myjava/web has finished in 5 ms
08 12, 2020 16:27:43 ‰∏ãÂçà cn.how2j.mytomcat.catalina.Context deploy
INFO : Deploying web application directory D:\project\mytomcat\webapps\a
08 12, 2020 16:27:43 ‰∏ãÂçà cn.how2j.mytomcat.catalina.Context deploy
INFO : Deployment of web application directory D:\project\mytomcat\webapps\a has finished in 0 ms
08 12, 2020 16:27:43 ‰∏ãÂçà cn.how2j.mytomcat.catalina.Context deploy
INFO : Deploying web application directory D:\project\mytomcat\webapps\ROOT
08 12, 2020 16:27:43 ‰∏ãÂçà cn.how2j.mytomcat.catalina.Context deploy
INFO : Deployment of web application directory D:\project\mytomcat\webapps\ROOT has finished in 0 ms
08 12, 2020 16:27:43 ‰∏ãÂçà cn.how2j.mytomcat.catalina.Context deploy
INFO : Deploying web application directory d:/project/mytomcat/b
08 12, 2020 16:27:43 ‰∏ãÂçà cn.how2j.mytomcat.catalina.Context deploy
INFO : Deployment of web application directory d:/project/mytomcat/b has finished in 0 ms
08 12, 2020 16:27:43 ‰∏ãÂçà cn.how2j.mytomcat.catalina.Context deploy
INFO : Deploying web application directory d:/project/myjava/web
08 12, 2020 16:27:43 ‰∏ãÂçà cn.how2j.mytomcat.catalina.Context deploy
INFO : Deployment of web application directory d:/project/myjava/web has finished in 1 ms
08 12, 2020 16:27:43 ‰∏ãÂçà cn.how2j.mytomcat.catalina.Context deploy
INFO : Deploying web application directory D:\project\mytomcat\webapps\a
08 12, 2020 16:27:43 ‰∏ãÂçà cn.how2j.mytomcat.catalina.Context deploy
INFO : Deployment of web application directory D:\project\mytomcat\webapps\a has finished in 0 ms
08 12, 2020 16:27:43 ‰∏ãÂçà cn.how2j.mytomcat.catalina.Context deploy
INFO : Deploying web application directory D:\project\mytomcat\webapps\ROOT
08 12, 2020 16:27:43 ‰∏ãÂçà cn.how2j.mytomcat.catalina.Context deploy
INFO : Deployment of web application directory D:\project\mytomcat\webapps\ROOT has finished in 0 ms
08 12, 2020 16:27:43 ‰∏ãÂçà cn.how2j.mytomcat.catalina.Context deploy
INFO : Deploying web application directory d:/project/mytomcat/b
08 12, 2020 16:27:43 ‰∏ãÂçà cn.how2j.mytomcat.catalina.Context deploy
INFO : Deployment of web application directory d:/project/mytomcat/b has finished in 0 ms
08 12, 2020 16:27:43 ‰∏ãÂçà cn.how2j.mytomcat.catalina.Context deploy
INFO : Deploying web application directory d:/project/myjava/web
08 12, 2020 16:27:43 ‰∏ãÂçà cn.how2j.mytomcat.catalina.Context deploy
INFO : Deployment of web application directory d:/project/myjava/web has finished in 2 ms
08 12, 2020 16:27:50 ‰∏ãÂçà cn.how2j.mytomcat.catalina.Context deploy
INFO : Deploying web application directory D:\project\mytomcat\webapps\a
08 12, 2020 16:27:50 ‰∏ãÂçà cn.how2j.mytomcat.catalina.Context deploy
INFO : Deployment of web application directory D:\project\mytomcat\webapps\a has finished in 1 ms
08 12, 2020 16:27:50 ‰∏ãÂçà cn.how2j.mytomcat.catalina.Context deploy
INFO : Deploying web application directory D:\project\mytomcat\webapps\ROOT
08 12, 2020 16:27:50 ‰∏ãÂçà cn.how2j.mytomcat.catalina.Context deploy
INFO : Deployment of web application directory D:\project\mytomcat\webapps\ROOT has finished in 1 ms
08 12, 2020 16:27:50 ‰∏ãÂçà cn.how2j.mytomcat.catalina.Context deploy
INFO : Deploying web application directory d:/project/mytomcat/b
08 12, 2020 16:27:50 ‰∏ãÂçà cn.how2j.mytomcat.catalina.Context deploy
INFO : Deployment of web application directory d:/project/mytomcat/b has finished in 1 ms
08 12, 2020 16:27:50 ‰∏ãÂçà cn.how2j.mytomcat.catalina.Context deploy
INFO : Deploying web application directory d:/project/myjava/web
08 12, 2020 16:27:50 ‰∏ãÂçà cn.how2j.mytomcat.catalina.Context deploy
INFO : Deployment of web application directory d:/project/myjava/web has finished in 4 ms
08 12, 2020 16:27:50 ‰∏ãÂçà cn.how2j.mytomcat.catalina.Context deploy
INFO : Deploying web application directory D:\project\mytomcat\webapps\a
08 12, 2020 16:27:50 ‰∏ãÂçà cn.how2j.mytomcat.catalina.Context deploy
INFO : Deployment of web application directory D:\project\mytomcat\webapps\a has finished in 1 ms
08 12, 2020 16:27:50 ‰∏ãÂçà cn.how2j.mytomcat.catalina.Context deploy
INFO : Deploying web application directory D:\project\mytomcat\webapps\ROOT
08 12, 2020 16:27:50 ‰∏ãÂçà cn.how2j.mytomcat.catalina.Context deploy
INFO : Deployment of web application directory D:\project\mytomcat\webapps\ROOT has finished in 1 ms
08 12, 2020 16:27:50 ‰∏ãÂçà cn.how2j.mytomcat.catalina.Context deploy
INFO : Deploying web application directory d:/project/mytomcat/b
08 12, 2020 16:27:50 ‰∏ãÂçà cn.how2j.mytomcat.catalina.Context deploy
INFO : Deployment of web application directory d:/project/mytomcat/b has finished in 0 ms
08 12, 2020 16:27:50 ‰∏ãÂçà cn.how2j.mytomcat.catalina.Context deploy
INFO : Deploying web application directory d:/project/myjava/web
08 12, 2020 16:27:50 ‰∏ãÂçà cn.how2j.mytomcat.catalina.Context deploy
INFO : Deployment of web application directory d:/project/myjava/web has finished in 1 ms
